Generation :  0
New population:  [[ 1.00000000e-18 -1.07898495e-12 -2.87186296e-14  2.35416158e-11
  -5.96027836e-12 -2.31481412e-15  5.00304915e-16  2.06727849e-05
  -7.33331495e-07 -8.49962324e-09  6.13399224e-10]
 [ 1.00000000e-18 -1.95787671e-13 -9.41340747e-14  2.31816787e-11
  -8.05557967e-11 -6.83266609e-16  6.32866371e-16  2.80432268e-06
  -1.11368725e-06 -3.74546217e-09  3.35851590e-10]
 [ 1.00000000e-18 -1.43462516e-12 -2.12911213e-13  2.48764245e-11
  -6.76077222e-11 -4.58252756e-16  3.10271096e-16  1.98729882e-05
  -8.34242490e-07 -2.43208540e-08  1.83273748e-09]
 [ 1.00000000e-18 -2.28233557e-12 -2.72788269e-13  7.78236977e-11
  -1.01931395e-10 -2.69819901e-15  9.73020754e-16  1.28850367e-06
  -3.58570820e-06 -1.17023183e-08  4.37374795e-10]
 [ 1.00000000e-18 -1.98955279e-12 -1.75976433e-13  2.86268186e-11
  -9.98760791e-11 -2.85363977e-15  1.40193214e-15  3.42611259e-05
  -3.10479921e-08 -1.67056601e-08  5.84907973e-10]
 [ 1.00000000e-18 -7.81240207e-13 -4.80938793e-14  5.20031964e-11
  -1.98409110e-10 -2.33234679e-15  7.70932824e-16  1.30701282e-05
  -7.59005849e-07 -7.92034406e-09  1.10528658e-09]
 [ 1.00000000e-18 -5.69417532e-13 -1.92749138e-13  6.17241868e-11
  -2.16514640e-11 -2.92916415e-15  1.14518282e-15  2.91213565e-05
  -2.28827273e-07 -7.31383299e-09  1.08577167e-09]
 [ 1.00000000e-18 -1.97321967e-12 -1.37865613e-13  3.17273010e-11
  -1.32735878e-10 -1.10091286e-15  1.62171800e-15  1.01450130e-05
  -6.65859923e-08 -1.63146316e-08  8.66364318e-10]
 [ 1.00000000e-18 -6.84914695e-13 -4.57370568e-13  4.31606793e-12
  -1.85232635e-10 -3.21788231e-15  8.68385330e-16  2.73940101e-05
  -3.26611382e-06 -2.26449923e-08  1.07568101e-09]
 [ 1.00000000e-18 -1.84412637e-13 -3.34933387e-13  1.62966566e-11
  -1.36109966e-11 -2.44004185e-15  4.19489961e-16  1.66061831e-05
  -3.03450970e-06 -4.23050089e-09  6.52212134e-10]]
Fitness:  [['4.005447e+13', '9.003382e+13'], ['1.175629e+13', '1.961949e+13'], ['6.458793e+14', '1.229358e+15'], ['8.096086e+14', '1.524250e+15'], ['1.161711e+14', '2.520775e+14'], ['2.368128e+14', '4.783690e+14'], ['5.127629e+14', '1.042535e+15'], ['1.740663e+14', '3.393042e+14'], ['1.492278e+14', '2.681862e+14'], ['1.632819e+14', '2.912397e+14']]

offspring_crossover :  [[ 1.00000000e-18 -8.78580183e-13 -4.35619350e-14  2.34599431e-11
  -2.28866183e-11 -1.94460250e-15  5.30384206e-16  1.66182831e-05
  -8.19637361e-07 -7.42086478e-09  5.50421371e-10]
 [ 1.00000000e-18 -4.76890142e-13 -1.21085590e-13  2.35662306e-11
  -7.76177715e-11 -6.32209105e-16  5.59666836e-16  6.67734404e-06
  -1.05027892e-06 -8.41418871e-09  6.75507376e-10]
 [ 1.00000000e-18 -1.90616025e-12 -2.46217556e-13  5.43281061e-11
  -8.67001101e-11 -1.70421275e-15  6.78922601e-16  9.53545261e-06
  -2.36473287e-06 -1.73018505e-08  1.05657329e-09]
 [ 1.00000000e-18 -2.11947647e-12 -2.18937123e-13  5.04581558e-11
  -1.00788135e-10 -2.78466223e-15  1.21160077e-15  1.96293759e-05
  -1.60844451e-06 -1.44854046e-08  5.19439459e-10]
 [ 1.00000000e-18 -1.17890997e-12 -9.01815196e-14  4.43097578e-11
  -1.65980740e-10 -2.50391039e-15  9.78602058e-16  2.00443327e-05
  -5.19426427e-07 -1.08116940e-08  9.34023910e-10]
 [ 1.00000000e-18 -6.39130845e-13 -1.45141405e-13  5.85248955e-11
  -7.98244672e-11 -2.73274459e-15  1.02201278e-15  2.38387100e-05
  -4.03315227e-07 -7.51344286e-09  1.09219425e-09]
 [ 1.00000000e-18 -9.25189614e-13 -1.78839752e-13  5.41219370e-11
  -4.98041017e-11 -2.46582195e-15  1.26595334e-15  2.43120938e-05
  -1.87709713e-07 -9.59494709e-09  1.03016624e-09]
 [ 1.00000000e-18 -1.64671857e-12 -2.18839234e-13  2.47803452e-11
  -1.46040374e-10 -1.63742624e-15  1.43079741e-15  1.45165062e-05
  -8.77457157e-07 -1.79189642e-08  9.19412417e-10]
 [ 1.00000000e-18 -4.23409475e-13 -3.93398879e-13  1.05757554e-11
  -9.55627655e-11 -2.81147171e-15  6.33843872e-16  2.17575236e-05
  -3.14510396e-06 -1.30236820e-08  8.54424533e-10]
 [ 1.00000000e-18 -6.51813970e-13 -1.74940523e-13  2.00820449e-11
  -9.61360495e-12 -2.37461214e-15  4.61714627e-16  1.87309248e-05
  -1.83217676e-06 -6.46105671e-09  6.31932939e-10]]
Generation :  1
New population:  [[ 9.10681758e-19 -8.78580183e-13 -4.35619350e-14  2.34599431e-11
  -2.28866183e-11 -1.94460250e-15  5.30384206e-16  1.66182831e-05
  -8.19637361e-07 -7.42086478e-09  5.50421371e-10]
 [ 1.00000000e-18 -4.76890142e-13 -1.21085590e-13  2.35662306e-11
  -7.76177715e-11 -6.32209105e-16  5.59666836e-16  6.67734404e-06
  -1.05027892e-06 -8.41418871e-09  6.75507376e-10]
 [ 1.00000000e-18 -1.90616025e-12 -2.46217556e-13  5.43281061e-11
  -8.67001101e-11 -1.70421275e-15  6.78922601e-16  9.53545261e-06
  -2.36473287e-06 -1.73018505e-08  1.05657329e-09]
 [ 1.00000000e-18 -2.11947647e-12 -2.18937123e-13  5.04581558e-11
  -1.00788135e-10 -2.78466223e-15  1.21160077e-15  1.96293759e-05
  -1.60844451e-06 -1.44854046e-08  5.19439459e-10]
 [ 1.00000000e-18 -1.17890997e-12 -9.01815196e-14  4.87350187e-11
  -1.65980740e-10 -2.50391039e-15  9.78602058e-16  2.00443327e-05
  -5.19426427e-07 -1.08116940e-08  9.34023910e-10]
 [ 1.00000000e-18 -6.39130845e-13 -1.45141405e-13  5.85248955e-11
  -7.98244672e-11 -2.73274459e-15  1.02201278e-15  2.38387100e-05
  -4.03315227e-07 -7.51344286e-09  1.09219425e-09]
 [ 1.00000000e-18 -9.25189614e-13 -1.78839752e-13  5.41219370e-11
  -4.98041017e-11 -2.46582195e-15  1.26218641e-15  2.43120938e-05
  -1.87709713e-07 -9.59494709e-09  1.03016624e-09]
 [ 1.00000000e-18 -1.64671857e-12 -2.18839234e-13  2.47803452e-11
  -1.46040374e-10 -1.63742624e-15  1.43079741e-15  1.45165062e-05
  -8.77457157e-07 -1.79189642e-08  9.19412417e-10]
 [ 1.08039608e-18 -4.23409475e-13 -3.93398879e-13  1.05757554e-11
  -9.55627655e-11 -2.81147171e-15  6.33843872e-16  2.17575236e-05
  -3.14510396e-06 -1.30236820e-08  8.54424533e-10]
 [ 1.04175080e-18 -6.51813970e-13 -1.74940523e-13  2.00820449e-11
  -9.61360495e-12 -2.37461214e-15  4.61714627e-16  1.87309248e-05
  -1.83217676e-06 -6.46105671e-09  6.31932939e-10]]
Fitness:  [['1.715037e+13', '4.021605e+13'], ['1.025152e+13', '2.059777e+13'], ['2.137239e+13', '3.875398e+13'], ['4.521984e+13', '7.341277e+13'], ['1.920279e+14', '3.952416e+14'], ['4.102072e+14', '8.328211e+14'], ['4.091110e+14', '8.279121e+14'], ['4.599045e+13', '9.231616e+13'], ['1.562993e+14', '2.801048e+14'], ['8.180614e+12', '1.050917e+13']]

offspring_crossover :  [[ 9.44097257e-19 -7.28300993e-13 -7.25648747e-14  2.34997071e-11
  -4.33624891e-11 -1.45361344e-15  5.41339344e-16  1.28992059e-05
  -9.05924357e-07 -7.79248444e-09  5.97218208e-10]
 [ 1.00000000e-18 -1.01160480e-12 -1.67899622e-13  3.50747801e-11
  -8.10156314e-11 -1.03326420e-15  6.04282480e-16  7.74661188e-06
  -1.54203887e-06 -1.17392167e-08  8.18070722e-10]
 [ 1.00000000e-18 -2.05101387e-12 -2.27692619e-13  5.17001939e-11
  -9.62666651e-11 -2.43789825e-15  1.04064081e-15  1.63897899e-05
  -1.85117086e-06 -1.53893265e-08  6.91829438e-10]
 [ 1.00000000e-18 -1.48077932e-12 -1.31504882e-13  4.92880495e-11
  -1.45057553e-10 -2.59401606e-15  1.05338164e-15  1.99111548e-05
  -8.68940449e-07 -1.19907501e-08  8.00965440e-10]
 [ 1.00000000e-18 -8.11244106e-13 -1.27616968e-13  5.54033083e-11
  -1.07296143e-10 -2.65977882e-15  1.00817090e-15  2.26288399e-05
  -4.40338291e-07 -8.56511888e-09  1.04176026e-09]
 [ 1.00000000e-18 -8.33977292e-13 -1.68094741e-13  5.55258585e-11
  -5.93763558e-11 -2.55093255e-15  1.18560497e-15  2.41611513e-05
  -2.56457403e-07 -8.93124139e-09  1.04994441e-09]
 [ 1.00000000e-18 -9.98104003e-13 -1.82881915e-13  5.11568111e-11
  -5.95292955e-11 -2.38210810e-15  1.27922546e-15  2.33221969e-05
  -2.57412408e-07 -1.04361339e-08  1.01897397e-09]
 [ 1.00812446e-18 -1.52309660e-12 -2.36479426e-13  2.33448948e-11
  -1.40939340e-10 -1.75606986e-15  1.35026096e-15  1.52482501e-05
  -1.10661508e-06 -1.74242696e-08  9.12845041e-10]
 [ 1.07847401e-18 -4.34769459e-13 -3.82533578e-13  1.10485627e-11
  -9.12879760e-11 -2.78974395e-15  6.25282808e-16  2.16069919e-05
  -3.07980387e-06 -1.26972816e-08  8.43358635e-10]
 [ 1.03523192e-18 -6.63092473e-13 -1.68406244e-13  2.02500490e-11
  -1.02737549e-11 -2.35322507e-15  4.65129995e-16  1.86258499e-05
  -1.78181684e-06 -6.50879397e-09  6.27878859e-10]]
Generation :  2
New population:  [[ 9.44097257e-19 -7.28300993e-13 -7.25648747e-14  2.34997071e-11
  -4.33624891e-11 -1.45361344e-15  5.41339344e-16  1.28992059e-05
  -9.05924357e-07 -7.79248444e-09  5.97218208e-10]
 [ 1.00000000e-18 -1.01160480e-12 -1.67899622e-13  3.50747801e-11
  -8.10156314e-11 -1.03326420e-15  6.04282480e-16  7.74661188e-06
  -1.54203887e-06 -1.17392167e-08  8.18070722e-10]
 [ 1.00000000e-18 -2.05101387e-12 -2.27692619e-13  5.17001939e-11
  -9.62666651e-11 -2.43789825e-15  1.04064081e-15  1.63897899e-05
  -1.71995833e-06 -1.53893265e-08  6.91829438e-10]
 [ 1.00000000e-18 -1.48077932e-12 -1.31504882e-13  4.92880495e-11
  -1.45057553e-10 -2.59401606e-15  1.05338164e-15  1.99111548e-05
  -8.91706627e-07 -1.19907501e-08  8.00965440e-10]
 [ 1.00000000e-18 -8.11244106e-13 -1.27616968e-13  5.54033083e-11
  -1.07296143e-10 -2.65977882e-15  1.00817090e-15  2.26288399e-05
  -4.40338291e-07 -8.56511888e-09  1.04176026e-09]
 [ 1.00000000e-18 -8.33977292e-13 -1.68094741e-13  5.55258585e-11
  -5.93763558e-11 -2.55093255e-15  1.18560497e-15  2.44412834e-05
  -2.56457403e-07 -8.93124139e-09  1.04994441e-09]
 [ 1.00000000e-18 -9.98104003e-13 -1.82881915e-13  5.11568111e-11
  -5.95292955e-11 -2.38210810e-15  1.27922546e-15  2.33221969e-05
  -2.57412408e-07 -1.09270666e-08  1.01897397e-09]
 [ 1.00812446e-18 -1.52309660e-12 -2.36479426e-13  2.33448948e-11
  -1.40939340e-10 -1.75606986e-15  1.35026096e-15  1.52482501e-05
  -1.10661508e-06 -1.74242696e-08  9.12845041e-10]
 [ 1.07847401e-18 -4.55012785e-13 -3.82533578e-13  1.10485627e-11
  -9.12879760e-11 -2.78974395e-15  6.25282808e-16  2.16069919e-05
  -3.07980387e-06 -1.26972816e-08  8.43358635e-10]
 [ 1.03523192e-18 -6.63092473e-13 -1.68406244e-13  2.02500490e-11
  -1.03440288e-11 -2.35322507e-15  4.65129995e-16  1.86258499e-05
  -1.78181684e-06 -6.50879397e-09  6.27878859e-10]]
Fitness:  [['1.423204e+13', '3.199777e+13'], ['4.905107e+11', '4.998915e+11'], ['2.357183e+13', '3.759640e+13'], ['5.020281e+13', '1.099985e+14'], ['3.316824e+14', '6.757764e+14'], ['4.115083e+14', '8.337332e+14'], ['3.478019e+14', '7.042701e+14'], ['2.348031e+13', '4.830279e+13'], ['1.444881e+14', '2.580411e+14'], ['6.364127e+12', '7.705450e+12']]

offspring_crossover :  [[ 9.45959766e-19 -7.37739814e-13 -7.57411384e-14  2.38853533e-11
  -4.46169772e-11 -1.43960868e-15  5.43436418e-16  1.27275371e-05
  -9.27117757e-07 -7.92397755e-09  6.04576342e-10]
 [ 1.00000000e-18 -1.04623475e-12 -1.69891743e-13  3.56286883e-11
  -8.15237495e-11 -1.08006234e-15  6.18820611e-16  8.03457627e-06
  -1.54796661e-06 -1.18608272e-08  8.13864746e-10]
 [ 1.00000000e-18 -1.66297571e-12 -1.62237952e-13  5.00587569e-11
  -1.29468312e-10 -2.54413466e-15  1.04931080e-15  1.87860389e-05
  -1.15634242e-06 -1.30766337e-08  7.66095253e-10]
 [ 1.00000000e-18 -1.02516818e-12 -1.28859201e-13  5.34494139e-11
  -1.19361340e-10 -2.63876688e-15  1.02261624e-15  2.17605087e-05
  -5.84555580e-07 -9.65964679e-09  9.64823595e-10]
 [ 1.00000000e-18 -8.23831582e-13 -1.50029709e-13  5.54711650e-11
  -8.07627230e-11 -2.59951011e-15  1.10641701e-15  2.36323987e-05
  -3.38522546e-07 -8.76784270e-09  1.04629187e-09]
 [ 1.00000000e-18 -9.24855052e-13 -1.76282472e-13  5.31066957e-11
  -5.94610393e-11 -2.45745363e-15  1.23744309e-15  2.38216397e-05
  -2.56986194e-07 -1.00363396e-08  1.03279593e-09]
 [ 1.00051380e-18 -1.03130513e-12 -1.86271483e-13  4.93979539e-11
  -6.46777592e-11 -2.34251673e-15  1.28371783e-15  2.28115913e-05
  -3.11116950e-07 -1.13379571e-08  1.01226226e-09]
 [ 1.01257344e-18 -1.45554976e-12 -2.45716057e-13  2.25672608e-11
  -1.37799331e-10 -1.82144058e-15  1.30441252e-15  1.56503841e-05
  -1.23140178e-06 -1.71253295e-08  9.08450642e-10]
 [ 1.07664972e-18 -4.63791215e-13 -3.73500012e-13  1.14367534e-11
  -8.78731270e-11 -2.77132817e-15  6.18526309e-16  2.14812240e-05
  -3.02504462e-06 -1.24362027e-08  8.34268012e-10]
 [ 1.03138715e-18 -6.65843478e-13 -1.64362905e-13  2.03871450e-11
  -1.17370058e-11 -2.31527241e-15  4.68345101e-16  1.83842553e-05
  -1.74486484e-06 -6.56295008e-09  6.26585353e-10]]
Generation :  3
New population:  [[ 9.45959766e-19 -7.37739814e-13 -7.57411384e-14  2.38853533e-11
  -4.46169772e-11 -1.43960868e-15  5.43436418e-16  1.27275371e-05
  -9.27117757e-07 -7.52819445e-09  6.04576342e-10]
 [ 1.00000000e-18 -1.01747744e-12 -1.69891743e-13  3.56286883e-11
  -8.15237495e-11 -1.08006234e-15  6.18820611e-16  8.03457627e-06
  -1.54796661e-06 -1.18608272e-08  8.13864746e-10]
 [ 1.00000000e-18 -1.66297571e-12 -1.62237952e-13  5.00587569e-11
  -1.29468312e-10 -2.54413466e-15  1.04931080e-15  1.87860389e-05
  -1.15634242e-06 -1.30766337e-08  7.66095253e-10]
 [ 1.00000000e-18 -1.02516818e-12 -1.28859201e-13  5.34494139e-11
  -1.19361340e-10 -2.63876688e-15  1.02261624e-15  2.17605087e-05
  -5.84555580e-07 -9.65964679e-09  9.64823595e-10]
 [ 1.00000000e-18 -8.23831582e-13 -1.50029709e-13  5.54711650e-11
  -8.07627230e-11 -2.59951011e-15  1.10641701e-15  2.36323987e-05
  -3.38522546e-07 -8.76784270e-09  1.04629187e-09]
 [ 1.00000000e-18 -9.24855052e-13 -1.76282472e-13  5.31066957e-11
  -5.94610393e-11 -2.45745363e-15  1.23744309e-15  2.38216397e-05
  -2.56986194e-07 -1.00363396e-08  1.03279593e-09]
 [ 1.00051380e-18 -1.03130513e-12 -1.86271483e-13  4.93979539e-11
  -6.46777592e-11 -2.34251673e-15  1.28371783e-15  2.28115913e-05
  -3.11116950e-07 -1.13379571e-08  1.01226226e-09]
 [ 1.01257344e-18 -1.45554976e-12 -2.45716057e-13  2.25672608e-11
  -1.37799331e-10 -1.82144058e-15  1.30441252e-15  1.56503841e-05
  -1.23140178e-06 -1.71253295e-08  9.08450642e-10]
 [ 1.07664972e-18 -4.63791215e-13 -3.73500012e-13  1.14367534e-11
  -8.78731270e-11 -2.65040762e-15  6.18526309e-16  2.14812240e-05
  -3.02504462e-06 -1.24362027e-08  8.34268012e-10]
 [ 1.03138715e-18 -6.65843478e-13 -1.64362905e-13  2.03871450e-11
  -1.17370058e-11 -2.31527241e-15  4.68345101e-16  1.83842553e-05
  -1.74486484e-06 -6.56295008e-09  6.26585353e-10]]
Fitness:  [['1.461190e+13', '3.278069e+13'], ['4.237923e+11', '3.007026e+11'], ['1.111521e+13', '2.707789e+13'], ['2.146757e+14', '4.426230e+14'], ['3.748196e+14', '7.611886e+14'], ['3.755570e+14', '7.606997e+14'], ['3.158337e+14', '6.400415e+14'], ['1.436809e+13', '3.023173e+13'], ['1.334517e+14', '2.382868e+14'], ['5.125520e+12', '5.895552e+12']]

offspring_crossover :  [[ 9.47482931e-19 -7.45624431e-13 -7.83948448e-14  2.42163481e-11
  -4.56572227e-11 -1.42947459e-15  5.45561179e-16  1.25952625e-05
  -9.44616855e-07 -7.65031301e-09  6.10475295e-10]
 [ 1.00000000e-18 -1.03567130e-12 -1.69676015e-13  3.60354108e-11
  -8.28751034e-11 -1.12132833e-15  6.30954305e-16  8.33761442e-06
  -1.53692838e-06 -1.18950956e-08  8.12518327e-10]
 [ 1.00000000e-18 -1.05656610e-12 -1.30502366e-13  5.32824991e-11
  -1.19858885e-10 -2.63410833e-15  1.02393036e-15  2.16140819e-05
  -6.12703437e-07 -9.82785784e-09  9.55040618e-10]
 [ 1.00000000e-18 -8.33742957e-13 -1.48987529e-13  5.53716384e-11
  -8.26628514e-11 -2.60144264e-15  1.10229167e-15  2.35402495e-05
  -3.50634232e-07 -8.81174433e-09  1.04228136e-09]
 [ 1.00000000e-18 -8.74392953e-13 -1.63168989e-13  5.42877686e-11
  -7.01014150e-11 -2.52841207e-15  1.17199443e-15  2.37271122e-05
  -2.97714309e-07 -9.40271438e-09  1.03953727e-09]
 [ 1.00025715e-18 -9.78132393e-13 -1.81281885e-13  5.12505026e-11
  -6.20719624e-11 -2.39992871e-15  1.26060320e-15  2.33161193e-05
  -2.84078168e-07 -1.06877879e-08  1.02251901e-09]
 [ 1.00103855e-18 -1.04976532e-12 -1.88858098e-13  4.82304682e-11
  -6.78595030e-11 -2.31984311e-15  1.28461832e-15  2.24999852e-05
  -3.51161366e-07 -1.15897835e-08  1.00774510e-09]
 [ 1.01536160e-18 -1.41239531e-12 -2.51276329e-13  2.20829383e-11
  -1.35626889e-10 -1.85751148e-15  1.27456751e-15  1.59041018e-05
  -1.30944868e-06 -1.69212912e-08  9.05222728e-10]
 [ 1.07497560e-18 -4.71264471e-13 -3.65764710e-13  1.17677993e-11
  -8.50570995e-11 -2.63801205e-15  6.12971595e-16  2.13666772e-05
  -2.97769494e-06 -1.22189702e-08  8.26586506e-10]
 [ 1.02822747e-18 -6.68502690e-13 -1.61085074e-13  2.05165323e-11
  -1.29531290e-11 -2.28288446e-15  4.71122485e-16  1.81750316e-05
  -1.71461903e-06 -6.59865133e-09  6.25771311e-10]]
Generation :  4
New population:  [[ 9.47482931e-19 -7.45624431e-13 -7.83948448e-14  2.42163481e-11
  -4.56572227e-11 -1.42947459e-15  5.45561179e-16  1.25952625e-05
  -8.88099167e-07 -7.65031301e-09  6.10475295e-10]
 [ 1.00000000e-18 -1.03567130e-12 -1.69676015e-13  3.60354108e-11
  -8.28751034e-11 -1.12132833e-15  6.30954305e-16  8.33761442e-06
  -1.61874166e-06 -1.18950956e-08  8.12518327e-10]
 [ 1.00000000e-18 -1.05656610e-12 -1.30502366e-13  5.32824991e-11
  -1.19858885e-10 -2.63410833e-15  1.02393036e-15  2.16140819e-05
  -6.12703437e-07 -9.82785784e-09  9.55040618e-10]
 [ 1.00000000e-18 -8.33742957e-13 -1.48987529e-13  5.53716384e-11
  -7.64053790e-11 -2.60144264e-15  1.10229167e-15  2.35402495e-05
  -3.50634232e-07 -8.81174433e-09  1.04228136e-09]
 [ 1.00000000e-18 -8.74392953e-13 -1.63168989e-13  5.42877686e-11
  -7.01014150e-11 -2.52841207e-15  1.17199443e-15  2.37271122e-05
  -2.97714309e-07 -9.40271438e-09  1.03953727e-09]
 [ 1.00025715e-18 -9.78132393e-13 -1.81281885e-13  5.12505026e-11
  -5.64111338e-11 -2.39992871e-15  1.26060320e-15  2.33161193e-05
  -2.84078168e-07 -1.06877879e-08  1.02251901e-09]
 [ 1.00103855e-18 -1.04976532e-12 -1.88858098e-13  4.82304682e-11
  -6.78595030e-11 -2.31984311e-15  1.28461832e-15  2.24999852e-05
  -3.51161366e-07 -1.15897835e-08  1.00774510e-09]
 [ 1.01536160e-18 -1.41239531e-12 -2.51276329e-13  2.20829383e-11
  -1.35626889e-10 -1.85751148e-15  1.27456751e-15  1.59041018e-05
  -1.30944868e-06 -1.69212912e-08  9.05222728e-10]
 [ 1.07497560e-18 -4.71264471e-13 -3.92091013e-13  1.17677993e-11
  -8.50570995e-11 -2.63801205e-15  6.12971595e-16  2.13666772e-05
  -2.97769494e-06 -1.22189702e-08  8.26586506e-10]
 [ 1.02822747e-18 -6.68502690e-13 -1.61085074e-13  2.05165323e-11
  -1.29531290e-11 -2.28288446e-15  4.71122485e-16  1.81750316e-05
  -1.71461903e-06 -6.59865133e-09  6.25771311e-10]]
Fitness:  [['1.789799e+13', '3.952371e+13'], ['6.871347e+11', '5.624168e+11'], ['1.985919e+14', '4.103939e+14'], ['3.658965e+14', '7.434963e+14'], ['3.751843e+14', '7.609436e+14'], ['3.450129e+14', '6.990096e+14'], ['2.944621e+14', '5.971750e+14'], ['9.817461e+12', '2.107504e+13'], ['1.255901e+14', '2.236165e+14'], ['4.184399e+12', '4.557258e+12']]

offspring_crossover :  [[ 9.49424608e-19 -7.56348131e-13 -8.17697196e-14  2.46533261e-11
  -4.70332534e-11 -1.41808172e-15  5.48718359e-16  1.24378474e-05
  -9.15112701e-07 -7.80725238e-09  6.17945290e-10]
 [ 1.00000000e-18 -1.03644382e-12 -1.68227675e-13  3.66730753e-11
  -8.42424789e-11 -1.17725929e-15  6.45483533e-16  8.82847596e-06
  -1.58154612e-06 -1.18186651e-08  8.17787704e-10]
 [ 1.00000000e-18 -9.12134064e-13 -1.42484289e-13  5.46366611e-11
  -9.16926980e-11 -2.61293471e-15  1.07472348e-15  2.28626071e-05
  -4.42832443e-07 -9.16922184e-09  1.01158931e-09]
 [ 1.00000000e-18 -8.60091933e-13 -1.58179829e-13  5.46690834e-11
  -7.23192040e-11 -2.55410486e-15  1.14747239e-15  2.36613723e-05
  -3.16331995e-07 -9.19480601e-09  1.04050266e-09]
 [ 1.00012319e-18 -9.24089687e-13 -1.71846034e-13  5.28327559e-11
  -6.35430389e-11 -2.46686168e-15  1.21444276e-15  2.35302246e-05
  -2.91181869e-07 -1.00183332e-08  1.03138461e-09]
 [ 1.00063148e-18 -1.01244839e-12 -1.84911296e-13  4.98037447e-11
  -6.18955143e-11 -2.36156343e-15  1.27210772e-15  2.29251475e-05
  -3.16214604e-07 -1.11198919e-08  1.01544151e-09]
 [ 1.00150068e-18 -1.06146543e-12 -1.90871998e-13  4.73868283e-11
  -7.00459913e-11 -2.30492616e-15  1.28429403e-15  2.22871716e-05
  -3.82080132e-07 -1.17618025e-08  1.00443725e-09]
 [ 1.01728502e-18 -1.38203009e-12 -2.55819659e-13  2.17501244e-11
  -1.33995274e-10 -1.88269403e-15  1.25322138e-15  1.60803497e-05
  -1.36327400e-06 -1.67695727e-08  9.02685561e-10]
 [ 1.07346827e-18 -4.77624145e-13 -3.84642545e-13  1.20498901e-11
  -8.27322064e-11 -2.62656145e-15  6.08397866e-16  2.12637670e-05
  -2.93696880e-06 -1.20377508e-08  8.20111497e-10]
 [ 1.02562397e-18 -6.70989374e-13 -1.58418842e-13  2.06358278e-11
  -1.40076275e-11 -2.25536744e-15  4.73522658e-16  1.79951197e-05
  -1.68796904e-06 -6.63256071e-09  6.25278112e-10]]
************************************
