Generation :  0
New population:  [[ 0.00000000e+00 -1.45799022e-12 -2.28980078e-13  4.62010753e-11
  -1.75214813e-10 -1.83669770e-15  8.52944060e-16  2.29423303e-05
  -2.04721003e-06 -1.59792834e-08  9.98214034e-10]
 [-2.04721003e-06 -1.55073733e-12 -2.44007383e-13  4.35157663e-11
  -1.79220082e-10 -1.76208973e-15  9.03644577e-16  2.15796827e-05
  -2.26590644e-06 -1.68476749e-08  9.58991641e-10]
 [-2.04721003e-06 -1.57104188e-12 -2.36853704e-13  4.84224034e-11
  -1.92712735e-10 -1.85358841e-15  8.48094063e-16  2.33466911e-05
  -2.04252537e-06 -1.63361993e-08  1.03300506e-09]
 [-2.04721003e-06 -1.55585232e-12 -2.14329235e-13  4.59560203e-11
  -1.80129643e-10 -1.99445879e-15  8.45055153e-16  2.18083563e-05
  -2.12058060e-06 -1.53128426e-08  1.04903264e-09]
 [-2.04721003e-06 -1.59903672e-12 -2.51556814e-13  4.92674067e-11
  -1.72066749e-10 -1.77405086e-15  9.03838904e-16  2.35414686e-05
  -2.11901645e-06 -1.47035309e-08  1.08501055e-09]
 [-2.04721003e-06 -1.48432595e-12 -2.44943676e-13  4.59020991e-11
  -1.79621621e-10 -1.85819104e-15  9.45379877e-16  2.29016519e-05
  -2.03689876e-06 -1.67494415e-08  9.40380006e-10]
 [-2.04721003e-06 -1.35068504e-12 -2.51651454e-13  4.97211301e-11
  -1.74187883e-10 -1.69707043e-15  8.58765725e-16  2.16582635e-05
  -2.25268009e-06 -1.46007261e-08  1.06192773e-09]
 [-2.04721003e-06 -1.42205193e-12 -2.10270114e-13  4.54097794e-11
  -1.92153500e-10 -1.75575604e-15  8.84959101e-16  2.12049795e-05
  -2.01573796e-06 -1.64834754e-08  9.78250663e-10]
 [-2.04721003e-06 -1.55386526e-12 -2.30285664e-13  4.36068941e-11
  -1.91109326e-10 -1.81097920e-15  7.77219295e-16  2.21884153e-05
  -1.96782544e-06 -1.66592350e-08  9.75118325e-10]
 [-2.04721003e-06 -1.37387295e-12 -2.37399785e-13  4.98304539e-11
  -1.80976112e-10 -1.99306331e-15  9.25058579e-16  2.34750895e-05
  -2.23296528e-06 -1.49008413e-08  1.06326827e-09]]
Errors:  [['1.351072e+10', '3.682966e+11'], ['1.153435e+13', '1.919240e+13'], ['5.047955e+11', '2.088844e+12'], ['1.901680e+11', '1.257873e+12'], ['3.648999e+12', '9.361452e+12'], ['2.219612e+12', '2.861622e+12'], ['6.510265e+10', '4.468386e+11'], ['4.227317e+11', '4.525377e+11'], ['6.677394e+10', '1.934268e+11'], ['8.890603e+10', '7.580524e+11']]

Fitness =  [[226382245014.09488, 368296592820.6967], [16129180127490.64, 19192403324935.2], [1455224460824.5398, 2088843757799.5144], [830790849306.3312, 1257872737079.7358], [7076470764500.068, 9361451642085.887], [2604818054124.955, 2861621907533.0674], [294144224144.21454, 446838603915.28894], [440615307295.606, 452537691365.00165], [142765629705.17566, 193426757823.8714], [490393861266.91296, 758052415051.9294]]
Generation :  1
New population:  [[-2.56204990e-06 -1.55386526e-12 -2.30285664e-13  4.36068941e-11
  -1.91109326e-10 -1.81097920e-15  8.04291249e-16  2.18083563e-05
  -2.12058060e-06 -1.53128426e-08  9.60561779e-10]
 [-2.04721003e-06 -1.55585232e-12 -2.14329235e-13  2.99202123e-11
  -1.32058894e-10 -1.99445879e-15  4.95085673e-16  1.91856255e-05
  -1.96782544e-06 -1.66592350e-08  6.94522844e-10]
 [-2.76984554e-06 -1.37387295e-12 -2.37399785e-13  4.98304539e-11
  -2.02455223e-10 -2.27382395e-15  7.77219295e-16  2.21884153e-05
  -2.11039309e-06 -1.66592350e-08  9.75118325e-10]
 [-2.04721003e-06 -1.55386526e-12 -2.30285664e-13  5.48565126e-11
  -2.35485207e-10 -1.99306331e-15  9.25058579e-16  2.34750895e-05
  -2.23296528e-06 -1.49008413e-08  1.06326827e-09]
 [-2.04721003e-06 -1.62658022e-12 -2.30285664e-13  4.36068941e-11
  -1.74187883e-10 -1.69707043e-15  8.58765725e-16  2.16582635e-05
  -2.87982238e-06 -1.46007261e-08  1.06192773e-09]
 [-2.04721003e-06 -1.35068504e-12 -1.87719127e-13  4.97211301e-11
  -1.91109326e-10 -1.81097920e-15  7.77219295e-16  2.21884153e-05
  -1.96782544e-06 -1.66592350e-08  9.75118325e-10]
 [-2.04721003e-06 -1.55386526e-12 -2.37399785e-13  4.98304539e-11
  -1.65844746e-10 -2.58540214e-15  9.25058579e-16  3.27173755e-05
  -2.23296528e-06 -1.49008413e-08  1.06326827e-09]
 [-2.04721003e-06 -1.36364923e-12 -2.30285664e-13  4.36068941e-11
  -2.56018144e-10 -1.81097920e-15  7.77219295e-16  2.86529508e-05
  -1.96782544e-06 -1.46330176e-08  9.75118325e-10]
 [-2.04721003e-06 -1.32283722e-12 -2.89634638e-13  6.00208583e-11
  -1.92440915e-10 -1.85819104e-15  6.89152100e-16  2.29016519e-05
  -2.03689876e-06 -1.53128426e-08  1.04903264e-09]
 [-2.04721003e-06 -1.55585232e-12 -2.14329235e-13  4.59560203e-11
  -1.80129643e-10 -2.29462903e-15  1.17081193e-15  2.01193467e-05
  -1.68230762e-06 -1.67494415e-08  5.81604963e-10]]
Errors:  [['1.878081e+12', '2.463134e+12'], ['4.643178e+13', '8.051755e+13'], ['3.011957e+12', '3.862287e+12'], ['8.890603e+10', '7.580524e+11'], ['3.341605e+13', '5.971330e+13'], ['6.677394e+10', '1.934268e+11'], ['2.840308e+12', '7.987711e+12'], ['3.640174e+12', '9.565548e+12'], ['2.120468e+12', '6.051185e+12'], ['4.464516e+13', '7.482111e+13']]

Fitness =  [[2229112995460.0728, 2463134134671.298], [66883244550397.64, 80517553058106.03], [3522154623659.8154, 3862286626026.134], [490393861173.2471, 758052414909.8435], [49194400166031.21, 59713303487671.586], [142765629705.13797, 193426757823.8793], [5928749721424.74, 7987710649283.231], [7195398443147.996, 9565548055731.844], [4478898472750.725, 6051185257773.748], [62750733211926.59, 74821113158083.14]]
Generation :  2
New population:  [[-2.56204990e-06 -1.55386526e-12 -2.27739495e-13  4.36068941e-11
  -1.91109326e-10 -2.04575044e-15  9.25058579e-16  2.85961978e-05
  -2.15319769e-06 -1.49008413e-08  8.50970160e-10]
 [-2.04721003e-06 -1.71994296e-12 -2.30285664e-13  5.37614545e-11
  -2.35485207e-10 -1.46005820e-15  8.04291249e-16  2.18083563e-05
  -2.12058060e-06 -1.53128426e-08  6.63062993e-10]
 [-2.84552176e-06 -1.35068504e-12 -1.87719127e-13  4.97211301e-11
  -1.33172038e-10 -1.81097920e-15  6.16993313e-16  2.21884153e-05
  -1.96782544e-06 -1.87695184e-08  9.75118325e-10]
 [-2.04721003e-06 -1.80026425e-12 -2.29498722e-13  4.97211301e-11
  -1.91109326e-10 -1.81097920e-15  7.77219295e-16  2.26492572e-05
  -1.96782544e-06 -1.66592350e-08  9.75118325e-10]
 [-2.04721003e-06 -1.35068504e-12 -1.87719127e-13  4.97211301e-11
  -1.91109326e-10 -1.81097920e-15  7.77219295e-16  2.71503113e-05
  -2.23296528e-06 -1.49008413e-08  1.06326827e-09]
 [-2.25465361e-06 -1.55386526e-12 -1.82588844e-13  7.59066099e-11
  -2.01940281e-10 -1.99306331e-15  7.30412768e-16  2.34750895e-05
  -1.96782544e-06 -1.04980552e-08  1.08236137e-09]
 [-2.75082801e-06 -1.35068504e-12 -1.87719127e-13  3.62570809e-11
  -1.51030045e-10 -2.26605825e-15  7.77219295e-16  2.15410630e-05
  -1.96782544e-06 -1.81538977e-08  9.75118325e-10]
 [-1.91633859e-06 -1.12500202e-12 -1.87719127e-13  4.97211301e-11
  -1.91109326e-10 -1.81097920e-15  7.77219295e-16  2.21884153e-05
  -1.37510091e-06 -1.72189467e-08  9.75118325e-10]
 [-1.94336336e-06 -1.55386526e-12 -2.30285664e-13  7.15359000e-11
  -2.61620928e-10 -2.01031875e-15  9.25058579e-16  2.34750895e-05
  -2.23296528e-06 -1.49008413e-08  8.02739030e-10]
 [-2.04721003e-06 -1.55386526e-12 -2.30285664e-13  5.48565126e-11
  -2.35485207e-10 -1.99306331e-15  9.25058579e-16  2.34750895e-05
  -2.23296528e-06 -2.05089884e-08  1.30644995e-09]]
Errors:  [['7.550785e+12', '1.041962e+13'], ['5.640674e+13', '1.005081e+14'], ['1.304915e+12', '1.477928e+12'], ['3.791885e+10', '2.363009e+11'], ['1.072784e+12', '3.287835e+12'], ['2.415162e+13', '5.304040e+13'], ['1.551865e+12', '1.585945e+12'], ['2.481658e+13', '5.330620e+13'], ['2.892614e+13', '4.857720e+13'], ['8.794622e+12', '1.983889e+13']]

Fitness =  [[9272085639230.45, 10419619539003.45], [82867549375714.39, 100508090780694.38], [1408722837529.4949, 1477927742883.6216], [156948096763.12738, 236300928535.90448], [2401814576100.052, 3287835081521.871], [41484887887604.14, 53040400146697.35], [1572312980740.913, 1585945020595.041], [41910349112980.49, 53306195347477.375], [40716776311971.41, 48577203309225.59], [15421183557524.828, 19838891436972.78]]
Generation :  3
New population:  [[-2.84552176e-06 -1.35068504e-12 -1.87719127e-13  4.97211301e-11
  -9.31274355e-11 -1.81097920e-15  6.16993313e-16  1.99753758e-05
  -1.96782544e-06 -1.87695184e-08  8.74459763e-10]
 [-2.84552176e-06 -1.25802854e-12 -1.87719127e-13  4.97211301e-11
  -1.65198633e-10 -1.81097920e-15  6.16993313e-16  2.21884153e-05
  -2.62052497e-06 -1.87695184e-08  1.33427528e-09]
 [-2.04721003e-06 -1.80026425e-12 -2.29498722e-13  4.26525310e-11
  -1.91109326e-10 -1.81097920e-15  7.77219295e-16  2.26492572e-05
  -2.73956751e-06 -1.66592350e-08  9.75118325e-10]
 [-2.04721003e-06 -1.80026425e-12 -2.29498722e-13  4.97211301e-11
  -1.91109326e-10 -1.81097920e-15  7.77219295e-16  2.26492572e-05
  -1.96782544e-06 -1.94875133e-08  1.18044708e-09]
 [-2.84552176e-06 -1.35068504e-12 -1.87719127e-13  3.49783717e-11
  -1.33172038e-10 -1.81097920e-15  9.34502581e-16  1.57298543e-05
  -1.96782544e-06 -1.18932243e-08  9.75118325e-10]
 [-2.04721003e-06 -1.80026425e-12 -2.29498722e-13  4.97211301e-11
  -2.55091273e-10 -1.21322022e-15  3.91389156e-16  2.21884153e-05
  -1.96782544e-06 -1.87695184e-08  1.17770453e-09]
 [-2.04721003e-06 -1.69573447e-12 -2.62632347e-13  4.97211301e-11
  -1.91109326e-10 -1.81097920e-15  7.77219295e-16  2.26492572e-05
  -2.93738638e-06 -1.49008413e-08  8.02739030e-10]
 [-1.94336336e-06 -1.55386526e-12 -2.56767204e-13  7.15359000e-11
  -2.61620928e-10 -2.59506827e-15  9.25058579e-16  2.34750895e-05
  -1.96782544e-06 -1.66592350e-08  9.75118325e-10]
 [-2.75082801e-06 -1.35068504e-12 -1.87719127e-13  3.62570809e-11
  -1.51030045e-10 -2.55221328e-15  7.77219295e-16  2.15410630e-05
  -1.96782544e-06 -1.42288749e-08  1.33637262e-09]
 [-2.75082801e-06 -1.35068504e-12 -1.87719127e-13  3.62570809e-11
  -1.51030045e-10 -2.26605825e-15  7.77219295e-16  2.15410630e-05
  -1.96782544e-06 -2.16630730e-08  6.92351259e-10]]
Errors:  [['1.343294e+13', '2.198702e+13'], ['5.897782e+11', '2.282478e+12'], ['5.047828e+13', '9.068027e+13'], ['9.475482e+12', '2.106514e+13'], ['5.089954e+11', '2.073955e+12'], ['1.274670e+13', '2.656653e+13'], ['1.395797e+14', '2.556371e+14'], ['2.261556e+11', '1.998526e+11'], ['6.461895e+13', '1.356060e+14'], ['7.663882e+13', '1.346953e+14']]

Fitness =  [[18565387857312.555, 21987022539460.086], [1605398244260.1152, 2282478298012.411], [74599475036869.64, 90680272689833.03], [16429279859760.96, 21065144826397.863], [1447971219995.8545, 2073955093525.4778], [21038599389093.766, 26566531702858.383], [209214151256813.12, 255637126896721.44], [210373792447.3835, 199852558658.84222], [107211208530757.58, 135606047545299.34], [111472689179889.77, 134695267821989.62]]
Generation :  4
New population:  [[-1.94336336e-06 -1.55386526e-12 -2.56767204e-13  9.77048557e-11
  -3.12701656e-10 -2.59506827e-15  9.25058579e-16  3.22748661e-05
  -1.96782544e-06 -1.66592350e-08  9.75118325e-10]
 [-2.48687347e-06 -1.55386526e-12 -2.56767204e-13  9.63455150e-11
  -2.61620928e-10 -3.24409644e-15  1.08513685e-15  2.82670612e-05
  -1.96782544e-06 -1.66592350e-08  9.75118325e-10]
 [-1.58065839e-06 -1.19389376e-12 -1.87719127e-13  3.95523480e-11
  -1.65198633e-10 -1.81097920e-15  8.28996139e-16  2.21884153e-05
  -2.62052497e-06 -1.87695184e-08  1.33427528e-09]
 [-3.30076570e-06 -1.80026425e-12 -2.29498722e-13  4.97211301e-11
  -1.91109326e-10 -1.81097920e-15  8.21265683e-16  2.26492572e-05
  -1.56543646e-06 -1.94875133e-08  1.18044708e-09]
 [-3.53149291e-06 -1.26162604e-12 -2.45495165e-13  8.71563636e-11
  -3.32457666e-10 -3.60233318e-15  9.25058579e-16  2.34198835e-05
  -1.96782544e-06 -1.66592350e-08  9.75118325e-10]
 [-1.94336336e-06 -1.55386526e-12 -1.87719127e-13  3.06164752e-11
  -1.33172038e-10 -1.81097920e-15  9.34502581e-16  1.57298543e-05
  -1.96782544e-06 -1.18932243e-08  9.75118325e-10]
 [-2.84552176e-06 -1.08992754e-12 -1.23484472e-13  4.97211301e-11
  -9.31274355e-11 -1.81097920e-15  6.16993313e-16  2.21884153e-05
  -2.78143282e-06 -2.60244356e-08  1.33427528e-09]
 [-2.84552176e-06 -1.25802854e-12 -1.87719127e-13  4.97211301e-11
  -1.59090380e-10 -1.81097920e-15  5.52715393e-16  1.99753758e-05
  -1.96782544e-06 -1.58325436e-08  8.74459763e-10]
 [-1.94336336e-06 -1.55386526e-12 -1.26784185e-13  4.97211301e-11
  -1.65198633e-10 -1.81097920e-15  6.16993313e-16  2.28965994e-05
  -2.62052497e-06 -1.87695184e-08  1.43258725e-09]
 [-2.84552176e-06 -1.25802854e-12 -2.56767204e-13  7.15359000e-11
  -2.61620928e-10 -3.31149797e-15  9.25058579e-16  2.34750895e-05
  -1.51206430e-06 -1.66592350e-08  9.75118325e-10]]
Errors:  [['1.752438e+12', '5.831557e+12'], ['2.683912e+11', '1.263217e+12'], ['5.897782e+11', '2.282478e+12'], ['4.525501e+13', '9.314772e+13'], ['1.165942e+12', '6.462303e+11'], ['5.089954e+11', '2.073955e+12'], ['1.607900e+13', '2.951138e+13'], ['5.673685e+12', '8.487288e+12'], ['8.413691e+12', '1.873075e+13'], ['1.182392e+13', '2.992222e+13']]

Fitness =  [[4199909323880.941, 5831557122276.397], [865286417931.5558, 1263216575895.6953], [1605398244259.9197, 2282478298012.111], [73990636134425.42, 93147717721026.52], [854114777312.2776, 646230264541.0536], [1447971219996.1968, 2073955093525.8523], [24138432338654.797, 29511384610738.387], [7361846324837.586, 8487287538028.17], [14603929258786.31, 18730754602578.418], [22682899834600.78, 29922222949837.883]]
Generation :  5
New population:  [[-2.63012216e-06 -1.55386526e-12 -2.56767204e-13  5.78960161e-11
  -2.61620928e-10 -3.24409644e-15  9.25058579e-16  4.27528434e-05
  -1.96782544e-06 -1.66592350e-08  9.75118325e-10]
 [-1.94336336e-06 -1.55386526e-12 -2.56767204e-13  9.77048557e-11
  -3.12701656e-10 -1.59708852e-15  1.08513685e-15  2.82670612e-05
  -1.81020680e-06 -1.66592350e-08  1.28455474e-09]
 [-1.94336336e-06 -1.55386526e-12 -1.87719127e-13  1.97709793e-11
  -1.84885675e-10 -1.81097920e-15  5.09795428e-16  1.99753758e-05
  -1.96782544e-06 -1.43173152e-08  6.90016021e-10]
 [-2.84552176e-06 -1.25802854e-12 -1.87719127e-13  4.97211301e-11
  -1.59090380e-10 -2.36276490e-15  9.76488157e-16  1.15113154e-05
  -1.96782544e-06 -1.11623585e-08  9.75118325e-10]
 [-3.98371115e-06 -1.25802854e-12 -1.35997999e-13  3.49370648e-11
  -1.43610869e-10 -1.12810209e-15  5.52715393e-16  2.34198835e-05
  -1.42927860e-06 -1.21490266e-08  9.75118325e-10]
 [-4.61232900e-06 -9.80041425e-13 -2.45495165e-13  8.71563636e-11
  -3.32457666e-10 -3.88484601e-15  7.28537238e-16  1.99753758e-05
  -2.04673222e-06 -1.58325436e-08  8.74459763e-10]
 [-1.94336336e-06 -1.55386526e-12 -8.62301634e-14  4.97211301e-11
  -1.65198633e-10 -1.81097920e-15  6.16993313e-16  2.82670612e-05
  -1.96782544e-06 -1.28151677e-08  9.75118325e-10]
 [-2.48687347e-06 -1.55386526e-12 -2.56767204e-13  9.63455150e-11
  -2.61620928e-10 -4.44324567e-15  1.44570983e-15  2.28965994e-05
  -1.96429981e-06 -1.87695184e-08  1.43258725e-09]
 [-3.53149291e-06 -1.26162604e-12 -2.84824706e-13  8.71563636e-11
  -3.32457666e-10 -3.60233318e-15  1.26078764e-15  1.64651176e-05
  -1.55528812e-06 -7.62015053e-09  1.31930972e-09]
 [-2.17286987e-06 -1.55386526e-12 -1.73545042e-13  3.06164752e-11
  -1.33172038e-10 -2.03775370e-15  9.34502581e-16  2.34198835e-05
  -1.96782544e-06 -1.01433796e-08  9.75118325e-10]]
Errors:  [['8.840669e+12', '2.340298e+13'], ['8.211299e+13', '1.669441e+14'], ['3.191979e+13', '5.438182e+13'], ['7.649670e+10', '4.707259e+11'], ['5.248662e+13', '1.079118e+14'], ['1.817836e+13', '2.552576e+13'], ['6.925013e+12', '1.674941e+13'], ['5.477876e+13', '1.229749e+14'], ['1.631818e+14', '3.411084e+14'], ['7.675873e+12', '1.869192e+13']]

Fitness =  [[17578057625806.312, 23402983296071.45], [133011656366678.72, 166944101124433.97], [45397007771834.234, 54381816764990.305], [313034198070.0035, 470725861826.99866], [85741725445000.23, 107911797727155.11], [22586802111133.344, 25525763147652.004], [12819648479981.535, 16749405211393.688], [95696427631358.38, 122974875478796.84], [269937775691009.8, 341108399832229.75], [14285498311007.998, 18691915282144.652]]
Generation :  6
New population:  [[-2.57817046e-06 -1.77932060e-12 -1.87719127e-13  4.89265211e-11
  -2.17947764e-10 -2.36276490e-15  9.76488157e-16  1.15113154e-05
  -2.35943106e-06 -1.11623585e-08  9.75118325e-10]
 [-2.84552176e-06 -1.25802854e-12 -2.56767204e-13  9.63455150e-11
  -2.61620928e-10 -3.76800017e-15  1.65358201e-15  2.28965994e-05
  -2.71096871e-06 -1.87695184e-08  1.57340612e-09]
 [-2.84552176e-06 -1.25802854e-12 -1.87719127e-13  6.74797002e-11
  -1.64559337e-10 -2.36276490e-15  9.76488157e-16  1.15113154e-05
  -1.96782544e-06 -1.11623585e-08  9.75118325e-10]
 [-2.14929894e-06 -1.46172629e-12 -2.58005655e-13  4.97211301e-11
  -1.59090380e-10 -3.05705461e-15  9.76488157e-16  1.15113154e-05
  -1.96782544e-06 -1.11623585e-08  9.75118325e-10]
 [-2.84552176e-06 -1.25802854e-12 -1.50364190e-13  4.97211301e-11
  -1.59090380e-10 -2.36276490e-15  9.76488157e-16  1.15113154e-05
  -1.96782544e-06 -1.13929884e-08  9.75118325e-10]
 [-2.84552176e-06 -1.25802854e-12 -2.52105107e-13  4.97211301e-11
  -1.59090380e-10 -2.36276490e-15  1.05219453e-15  1.15113154e-05
  -2.58765137e-06 -1.11623585e-08  8.91472184e-10]
 [-2.84552176e-06 -1.16616480e-12 -1.17567958e-13  4.97211301e-11
  -1.59090380e-10 -2.70749795e-15  9.76488157e-16  1.50650513e-05
  -2.41614846e-06 -1.03604190e-08  8.74459763e-10]
 [-4.61232900e-06 -9.80041425e-13 -2.45495165e-13  8.71563636e-11
  -2.35908853e-10 -3.88484601e-15  7.28537238e-16  1.99753758e-05
  -1.65983115e-06 -1.11623585e-08  9.75118325e-10]
 [-2.84552176e-06 -1.25802854e-12 -1.31937357e-13  4.97211301e-11
  -1.59090380e-10 -2.36276490e-15  9.76488157e-16  1.15113154e-05
  -1.96782544e-06 -1.11623585e-08  1.03453232e-09]
 [-2.84552176e-06 -1.25802854e-12 -1.87719127e-13  4.09240367e-11
  -1.59090380e-10 -2.61027822e-15  9.76488157e-16  1.15113154e-05
  -1.96782544e-06 -1.11623585e-08  9.75118325e-10]]
Errors:  [['1.303238e+13', '2.147306e+13'], ['1.583173e+13', '3.836451e+13'], ['7.649670e+10', '4.707259e+11'], ['3.236792e+11', '3.433081e+11'], ['1.065972e+11', '3.853395e+11'], ['5.563784e+13', '9.881085e+13'], ['2.987081e+13', '4.941966e+13'], ['1.231418e+13', '3.273904e+13'], ['1.536855e+12', '4.848460e+12'], ['1.240750e+11', '3.840459e+11']]

Fitness =  [[18096787472271.68, 21473062433061.027], [29351398992971.805, 38364514164454.445], [313034198066.1564, 470725861821.03546], [335456533773.16797, 343308063338.3512], [273842566192.6264, 385339508065.799], [81541646864808.06, 98810853461171.12], [41600115665053.12, 49419655760122.11], [24569097088666.863, 32739039997013.805], [3523818145725.9673, 4848460444572.606], [280057513261.5828, 384045855923.4369]]
Generation :  7
New population:  [[-2.84552176e-06 -1.25802854e-12 -1.87719127e-13  4.09240367e-11
  -1.59090380e-10 -1.87642729e-15  1.24539390e-15  1.15113154e-05
  -1.96782544e-06 -1.11623585e-08  9.48172797e-10]
 [-2.84552176e-06 -1.39872176e-12 -1.00096181e-13  3.39346277e-11
  -1.59090380e-10 -3.01913491e-15  9.76488157e-16  1.15113154e-05
  -1.96782544e-06 -1.13929884e-08  9.75118325e-10]
 [-2.84552176e-06 -1.25802854e-12 -1.55621466e-13  4.97211301e-11
  -1.59090380e-10 -2.36276490e-15  9.76488157e-16  1.15113154e-05
  -1.96782544e-06 -1.47549788e-08  6.99458524e-10]
 [-3.26722225e-06 -1.25802854e-12 -1.50364190e-13  4.97211301e-11
  -1.59090380e-10 -2.36276490e-15  1.12800175e-15  1.12008133e-05
  -1.46948341e-06 -1.13929884e-08  9.75118325e-10]
 [-3.00521516e-06 -1.25802854e-12 -1.78522065e-13  4.97211301e-11
  -1.59090380e-10 -2.36276490e-15  9.76488157e-16  1.15113154e-05
  -1.96782544e-06 -1.87695184e-08  2.05601159e-09]
 [-2.84552176e-06 -1.05947656e-12 -2.56767204e-13  9.63455150e-11
  -2.61620928e-10 -4.74214189e-15  1.65358201e-15  2.28965994e-05
  -2.71096871e-06 -1.13929884e-08  9.75118325e-10]
 [-2.14929894e-06 -1.46172629e-12 -2.58005655e-13  4.97211301e-11
  -1.50085390e-10 -3.05705461e-15  1.08429558e-15  1.15113154e-05
  -1.96782544e-06 -1.13929884e-08  9.75118325e-10]
 [-2.84552176e-06 -1.25802854e-12 -1.50364190e-13  6.45057588e-11
  -1.59090380e-10 -1.72489582e-15  9.76488157e-16  8.00138538e-06
  -1.96782544e-06 -1.11623585e-08  9.75118325e-10]
 [-2.84552176e-06 -1.25802854e-12 -1.87719127e-13  6.74797002e-11
  -1.59090380e-10 -3.05705461e-15  9.87026481e-16  1.15113154e-05
  -1.96782544e-06 -1.46387304e-08  9.75118325e-10]
 [-2.14929894e-06 -1.57770470e-12 -2.58005655e-13  6.76405481e-11
  -1.64559337e-10 -2.36276490e-15  9.76488157e-16  1.08272364e-05
  -1.96782544e-06 -1.11623585e-08  1.19453565e-09]]
Errors:  [['1.994489e+11', '3.663021e+11'], ['4.033710e+11', '3.549250e+11'], ['5.621188e+13', '9.787165e+13'], ['1.887803e+13', '4.183700e+13'], ['3.884974e+14', '7.532075e+14'], ['3.809475e+13', '5.612848e+13'], ['4.301682e+11', '3.629899e+11'], ['3.118484e+11', '5.260733e+11'], ['4.105021e+12', '4.811921e+12'], ['2.028741e+13', '4.438449e+13']]

Fitness =  [[299560844030.6645, 366302137184.1877], [374303392168.37024, 354925010103.4161], [81207741340013.22, 97871650656392.39], [32653410627053.63, 41836999762190.055], [607323423383010.0, 753207471324433.0], [48914986592520.516, 56128475549827.75], [389861250714.86804, 362989936895.6484], [440383321528.7626, 526073277869.0038], [4529161200136.922, 4811921236881.289], [34745656261862.87, 44384487380979.29]]
Generation :  8
New population:  [[-1.97328143e-06 -1.41451574e-12 -1.26479698e-13  4.62590751e-11
  -1.59090380e-10 -1.37366742e-15  1.24539390e-15  1.15113154e-05
  -1.96782544e-06 -1.11623585e-08  6.09776611e-10]
 [-2.84552176e-06 -1.25802854e-12 -1.87719127e-13  4.09240367e-11
  -1.84010479e-10 -1.87642729e-15  9.48693394e-16  1.25597715e-05
  -1.96782544e-06 -1.11623585e-08  8.32710464e-10]
 [-3.73882114e-06 -1.48892507e-12 -1.50364190e-13  6.45057588e-11
  -1.59090380e-10 -1.74161646e-15  9.76488157e-16  8.00138538e-06
  -1.41208443e-06 -6.94831463e-09  9.09776482e-10]
 [-3.29030903e-06 -1.25802854e-12 -1.00096181e-13  3.39346277e-11
  -1.59090380e-10 -3.01913491e-15  9.76488157e-16  1.42596786e-05
  -1.96782544e-06 -1.13929884e-08  9.75118325e-10]
 [-2.84552176e-06 -8.22127430e-13 -1.87719127e-13  3.50879030e-11
  -2.05994475e-10 -1.87642729e-15  1.24539390e-15  1.12298973e-05
  -1.96782544e-06 -1.13929884e-08  9.75118325e-10]
 [-2.14929894e-06 -1.46172629e-12 -2.58005655e-13  4.97211301e-11
  -1.30950620e-10 -3.05705461e-15  1.08429558e-15  1.40643712e-05
  -2.28482714e-06 -1.11623585e-08  9.48172797e-10]
 [-2.39748628e-06 -1.14541199e-12 -1.24724556e-13  3.39346277e-11
  -1.59090380e-10 -3.01913491e-15  9.76488157e-16  8.52344441e-06
  -2.57953170e-06 -1.13929884e-08  9.75118325e-10]
 [-1.73583463e-06 -1.39872176e-12 -2.58005655e-13  6.76405481e-11
  -1.64559337e-10 -1.73012670e-15  9.76488157e-16  1.08272364e-05
  -1.96782544e-06 -1.11623585e-08  1.19453565e-09]
 [-2.14929894e-06 -1.57770470e-12 -2.58005655e-13  6.76405481e-11
  -1.64559337e-10 -2.86376613e-15  1.06173195e-15  1.08272364e-05
  -1.25394719e-06 -1.11623585e-08  9.48172797e-10]
 [-2.84552176e-06 -1.25802854e-12 -1.87719127e-13  4.09240367e-11
  -1.99811065e-10 -1.87642729e-15  1.24539390e-15  1.51749622e-05
  -1.96782544e-06 -1.11623585e-08  1.19453565e-09]]
Errors:  [['5.328391e+13', '9.599941e+13'], ['6.967836e+12', '1.084398e+13'], ['2.622663e+13', '5.583792e+13'], ['9.683310e+10', '6.734296e+11'], ['8.916785e+10', '5.538704e+11'], ['1.172207e+13', '1.739961e+13'], ['4.364061e+13', '7.533600e+13'], ['2.354950e+13', '4.914892e+13'], ['3.026531e+13', '6.685300e+13'], ['3.084258e+13', '6.494739e+13']]

Fitness =  [[78913209950474.86, 95999410912122.31], [9293524654547.54, 10843983959312.951], [43993405206320.26, 55837922372529.86], [442790973677.2369, 673429558248.8572], [367989355741.14386, 553870360848.4543], [15128594366828.19, 17399611956033.184], [62657846960548.02, 75336003742923.78], [38909149032323.83, 49148916798792.234], [52217921623104.69, 66852998743901.016], [51305465422022.86, 64947387601414.94]]
Generation :  9
New population:  [[-3.29030903e-06 -1.29223095e-12 -1.00096181e-13  3.39346277e-11
  -2.07803384e-10 -1.87642729e-15  1.24539390e-15  1.12298973e-05
  -1.96782544e-06 -1.13929884e-08  9.75118325e-10]
 [-3.60825273e-06 -8.22127430e-13 -1.87719127e-13  3.50879030e-11
  -1.65001288e-10 -3.71380675e-15  9.76488157e-16  1.42596786e-05
  -1.96782544e-06 -1.13929884e-08  1.25516934e-09]
 [-2.54640702e-06 -1.20893956e-12 -1.38770937e-13  4.09240367e-11
  -1.99811065e-10 -1.87642729e-15  1.24539390e-15  1.51749622e-05
  -1.26466433e-06 -1.11623585e-08  1.16484902e-09]
 [-2.84552176e-06 -8.22127430e-13 -1.87719127e-13  2.57365542e-11
  -2.35568143e-10 -2.32308179e-15  1.24539390e-15  1.12298973e-05
  -1.96782544e-06 -1.13929884e-08  1.19377771e-09]
 [-3.29030903e-06 -1.25802854e-12 -1.87719127e-13  3.50879030e-11
  -2.05994475e-10 -1.32769660e-15  8.72377525e-16  7.88942136e-06
  -1.97854324e-06 -1.18551859e-08  9.75118325e-10]
 [-3.64268908e-06 -8.22127430e-13 -1.00096181e-13  2.23366187e-11
  -1.49142923e-10 -4.03393587e-15  9.76488157e-16  1.42596786e-05
  -1.96782544e-06 -1.13929884e-08  1.01135441e-09]
 [-2.12282604e-06 -1.70465478e-12 -1.00096181e-13  4.61529307e-11
  -2.63614339e-10 -1.87642729e-15  1.24539390e-15  1.12298973e-05
  -1.96782544e-06 -1.56184298e-08  9.75118325e-10]
 [-2.84552176e-06 -8.22127430e-13 -1.81309461e-13  2.11615271e-11
  -1.77010334e-10 -3.01913491e-15  8.35754259e-16  1.42596786e-05
  -1.96782544e-06 -1.10531542e-08  9.75118325e-10]
 [-2.84552176e-06 -1.25802854e-12 -1.87719127e-13  4.09240367e-11
  -1.84010479e-10 -1.87642729e-15  9.48693394e-16  1.25597715e-05
  -1.96782544e-06 -1.11623585e-08  9.48172797e-10]
 [-2.30212400e-06 -1.46172629e-12 -3.36944793e-13  4.97211301e-11
  -1.30950620e-10 -3.05705461e-15  1.08429558e-15  1.40643712e-05
  -2.28482714e-06 -1.11623585e-08  8.32710464e-10]]
Errors:  [['8.916785e+10', '5.538704e+11'], ['3.117702e+13', '7.154898e+13'], ['1.276945e+14', '2.576999e+14'], ['2.010114e+13', '4.391535e+13'], ['5.706173e+11', '9.117771e+11'], ['3.321907e+11', '1.732874e+12'], ['3.488150e+12', '4.983630e+12'], ['1.074822e+11', '9.656720e+11'], ['7.539290e+10', '3.352600e+11'], ['3.459470e+13', '5.667750e+13']]

Fitness =  [[367989355739.4484, 553870360846.1548], [55400192284024.33, 71548976330207.95], [205697731654271.44, 257699872384700.4], [34389667851426.773, 43915353305634.61], [775313145370.3131, 911777055487.2122], [1172600575654.1729, 1732873821822.5635], [4385438321276.833, 4983630360342.666], [622396066666.5201, 965671967282.9723], [231313184728.20932, 335260044173.70544], [47844381879249.516, 56677502495414.836]]
Generation :  10
New population:  [[-3.29030903e-06 -1.29223095e-12 -1.23864962e-13  3.39346277e-11
  -2.07803384e-10 -1.87642729e-15  9.85617001e-16  1.12298973e-05
  -1.36868640e-06 -1.10531542e-08  9.75118325e-10]
 [-2.84552176e-06 -8.22127430e-13 -1.81309461e-13  2.11615271e-11
  -1.77010334e-10 -3.81482776e-15  8.35754259e-16  1.42596786e-05
  -1.96782544e-06 -8.08703456e-09  9.99226432e-10]
 [-2.84552176e-06 -8.22127430e-13 -1.53910729e-13  2.11615271e-11
  -1.39240180e-10 -4.08659241e-15  8.35754259e-16  1.42596786e-05
  -2.63201276e-06 -1.10531542e-08  1.15967659e-09]
 [-2.29408546e-06 -8.22127430e-13 -1.81309461e-13  1.97946539e-11
  -1.77010334e-10 -3.91141095e-15  8.35754259e-16  1.42596786e-05
  -1.96782544e-06 -1.10531542e-08  9.75118325e-10]
 [-2.84552176e-06 -1.25802854e-12 -1.78328806e-13  4.09240367e-11
  -1.84010479e-10 -1.87642729e-15  9.48693394e-16  1.25597715e-05
  -1.96782544e-06 -1.11623585e-08  1.29339484e-09]
 [-2.90903061e-06 -1.25802854e-12 -1.87719127e-13  3.12356472e-11
  -1.84010479e-10 -1.87642729e-15  9.48693394e-16  1.25373189e-05
  -1.96782544e-06 -1.11623585e-08  9.48172797e-10]
 [-2.84552176e-06 -8.22127430e-13 -1.62066641e-13  3.50879030e-11
  -1.65001288e-10 -3.71380675e-15  9.76488157e-16  1.42596786e-05
  -1.96782544e-06 -1.13929884e-08  1.25516934e-09]
 [-3.60825273e-06 -1.08217676e-12 -1.87719127e-13  2.11615271e-11
  -1.77010334e-10 -3.01913491e-15  8.35754259e-16  1.42596786e-05
  -1.96782544e-06 -1.10531542e-08  9.75118325e-10]
 [-2.84552176e-06 -1.03838078e-12 -1.87719127e-13  2.86406415e-11
  -2.35568143e-10 -2.32308179e-15  1.41406587e-15  1.12298973e-05
  -1.96782544e-06 -1.13929884e-08  1.15524891e-09]
 [-2.84552176e-06 -1.25802854e-12 -1.39690013e-13  4.09240367e-11
  -1.84010479e-10 -1.87642729e-15  9.48693394e-16  1.25597715e-05
  -1.96782544e-06 -8.17578887e-09  1.43691360e-09]]
Errors:  [['3.208824e+13', '6.746415e+13'], ['2.448371e+12', '8.791275e+12'], ['6.556601e+12', '8.312695e+12'], ['3.913531e+11', '5.676816e+11'], ['5.164556e+13', '1.054668e+14'], ['7.722620e+10', '3.343158e+11'], ['3.117702e+13', '7.154898e+13'], ['1.074822e+11', '9.656720e+11'], ['1.343101e+13', '3.028365e+13'], ['1.329283e+14', '2.651307e+14']]

Fitness =  [[53313781895574.8, 67464145240656.48], [6254113303404.428, 8791274951205.088], [7610257140479.193, 8312694741653.511], [497150157757.5071, 567681554810.1273], [83938309800854.66, 105466809686286.2], [231479942641.63736, 334315771982.9812], [55400192284029.1, 71548976330213.9], [622396066666.183, 965671967282.5348], [23542594346413.69, 30283650637828.133], [212249761310623.25, 265130748130032.56]]
Generation :  11
New population:  [[-1.99478472e-06 -1.25802854e-12 -1.87719127e-13  3.12356472e-11
  -1.84010479e-10 -1.41837084e-15  9.48693394e-16  1.25373189e-05
  -1.96782544e-06 -1.43171453e-08  1.16869615e-09]
 [-2.90903061e-06 -1.25802854e-12 -1.85928117e-13  3.12356472e-11
  -2.43631292e-10 -1.87642729e-15  7.16766429e-16  1.59453041e-05
  -1.96782544e-06 -1.11623585e-08  7.39714322e-10]
 [-3.06155147e-06 -1.23003117e-12 -1.62789018e-13  3.12356472e-11
  -1.84010479e-10 -1.87642729e-15  1.11519182e-15  1.25373189e-05
  -1.90822571e-06 -1.11623585e-08  9.48172797e-10]
 [-3.81268684e-06 -1.25802854e-12 -1.87719127e-13  2.34976375e-11
  -1.84010479e-10 -1.87642729e-15  9.48693394e-16  1.25373189e-05
  -1.96782544e-06 -1.11623585e-08  9.48172797e-10]
 [-2.90903061e-06 -1.25802854e-12 -1.87719127e-13  3.12356472e-11
  -1.77010334e-10 -4.98082655e-15  1.16958882e-15  1.42596786e-05
  -1.96782544e-06 -1.10531542e-08  6.47040266e-10]
 [-1.46914619e-06 -8.12428270e-13 -1.81309461e-13  1.99368230e-11
  -1.84010479e-10 -1.68072780e-15  1.19914033e-15  1.25373189e-05
  -1.79582679e-06 -9.78040249e-09  1.13941332e-09]
 [-2.90903061e-06 -1.25802854e-12 -2.10806371e-13  3.12356472e-11
  -1.32406376e-10 -1.87642729e-15  9.25232373e-16  1.25373189e-05
  -1.96782544e-06 -1.10531542e-08  9.75118325e-10]
 [-2.58253510e-06 -1.08217676e-12 -1.87719127e-13  2.11615271e-11
  -1.77010334e-10 -3.01913491e-15  8.35754259e-16  1.42596786e-05
  -2.41039568e-06 -1.13508262e-08  9.48172797e-10]
 [-2.84552176e-06 -8.22127430e-13 -1.53910729e-13  2.11615271e-11
  -1.70722352e-10 -4.08659241e-15  6.09206491e-16  1.46482539e-05
  -1.96782544e-06 -1.11623585e-08  5.88198080e-10]
 [-2.90903061e-06 -1.25802854e-12 -1.87719127e-13  2.19575990e-11
  -1.84010479e-10 -2.45081059e-15  8.35754259e-16  1.58657537e-05
  -3.26093926e-06 -1.27245247e-08  1.15967659e-09]]
Errors:  [['1.188878e+13', '2.472760e+13'], ['1.599241e+13', '2.604984e+13'], ['1.865232e+11', '1.053271e+12'], ['7.722620e+10', '3.343158e+11'], ['6.369735e+13', '9.827276e+13'], ['3.797615e+13', '7.857663e+13'], ['2.422961e+11', '1.292163e+12'], ['2.102187e+13', '3.354752e+13'], ['7.565694e+13', '1.230855e+14'], ['6.097728e+13', '1.100075e+14']]

Fitness =  [[19592070016040.133, 24727595337421.53], [22026867395349.09, 26049838717299.867], [706572138179.1937, 1053271420707.3402], [231479942641.87082, 334315771983.256], [84442595893392.48, 98272762209308.3], [62336438436521.055, 78576631183973.44], [872216040255.5867, 1292162652346.9553], [28537258772273.594, 33547515673926.918], [104114071289279.14, 123085493664093.38], [90395383563087.89, 110007453349816.27]]
Generation :  12
New population:  [[-3.81268684e-06 -1.25802854e-12 -1.87719127e-13  2.34976375e-11
  -1.84010479e-10 -1.87642729e-15  9.48693394e-16  1.25373189e-05
  -1.79839335e-06 -1.11623585e-08  9.48172797e-10]
 [-2.80157462e-06 -1.25802854e-12 -1.87719127e-13  2.34976375e-11
  -1.84010479e-10 -1.87642729e-15  9.48693394e-16  1.25373189e-05
  -1.96782544e-06 -9.35658942e-09  9.48172797e-10]
 [-3.06155147e-06 -1.25802854e-12 -2.10806371e-13  3.12356472e-11
  -1.32406376e-10 -2.33052157e-15  9.25232373e-16  1.25373189e-05
  -1.38674001e-06 -1.10531542e-08  9.75118325e-10]
 [-2.90903061e-06 -1.23003117e-12 -1.62789018e-13  3.12356472e-11
  -1.84010479e-10 -1.87642729e-15  1.11519182e-15  1.32458387e-05
  -1.90822571e-06 -1.04894704e-08  9.48172797e-10]
 [-2.90903061e-06 -1.40279485e-12 -2.10806371e-13  3.12356472e-11
  -1.32406376e-10 -1.87642729e-15  9.25232373e-16  1.25373189e-05
  -1.96782544e-06 -7.18058846e-09  9.48172797e-10]
 [-3.06155147e-06 -1.23003117e-12 -1.08650684e-13  3.12356472e-11
  -1.84010479e-10 -1.87642729e-15  1.11519182e-15  1.25373189e-05
  -1.90822571e-06 -1.10531542e-08  9.99848457e-10]
 [-1.99478472e-06 -1.25802854e-12 -1.87719127e-13  3.12356472e-11
  -2.43631292e-10 -1.87642729e-15  8.74126121e-16  1.59453041e-05
  -1.96782544e-06 -1.11623585e-08  5.82717563e-10]
 [-3.48928615e-06 -1.25802854e-12 -1.85928117e-13  3.68970411e-11
  -1.84010479e-10 -1.41837084e-15  1.28224259e-15  1.25373189e-05
  -1.96782544e-06 -1.62964486e-08  1.28673945e-09]
 [-3.33049737e-06 -1.23003117e-12 -1.62789018e-13  4.11913813e-11
  -1.32406376e-10 -1.67507285e-15  1.28473931e-15  1.25373189e-05
  -1.96782544e-06 -1.10531542e-08  9.75118325e-10]
 [-2.90903061e-06 -1.25802854e-12 -1.75779714e-13  3.12356472e-11
  -1.43876386e-10 -1.87642729e-15  1.11519182e-15  1.55593356e-05
  -2.23610787e-06 -1.11623585e-08  9.48172797e-10]]
Errors:  [['1.924667e+12', '5.357543e+12'], ['3.818655e+11', '1.799138e+12'], ['3.015331e+13', '6.538096e+13'], ['6.392478e+11', '2.432401e+12'], ['2.420026e+12', '6.767850e+12'], ['2.337324e+12', '6.346609e+12'], ['5.391683e+13', '9.396504e+13'], ['2.616644e+13', '5.210477e+13'], ['3.595840e+11', '1.540605e+12'], ['4.283554e+12', '6.525153e+12']]

Fitness =  [[3984392710181.141, 5357543417502.791], [1232228772982.069, 1799137598180.2075], [51289899817409.28, 65380957885860.3], [1715139954300.966, 2432401383416.997], [5028720489675.342, 6767850139479.937], [4742895111270.314, 6346608944767.576], [77945755982445.92, 93965036899854.94], [41729438363779.72, 52104772280286.766], [1068196751479.5071, 1540605285486.3843], [5628513224027.842, 6525153003303.366]]
Generation :  13
New population:  [[-3.33049737e-06 -1.23003117e-12 -1.62789018e-13  4.51179755e-11
  -1.32406376e-10 -1.57929458e-15  8.52302910e-16  1.32458387e-05
  -1.90822571e-06 -1.04894704e-08  9.48172797e-10]
 [-2.90903061e-06 -1.23003117e-12 -1.63306867e-13  3.89489953e-11
  -1.25533011e-10 -1.50660941e-15  1.11519182e-15  1.25373189e-05
  -1.96782544e-06 -1.10531542e-08  9.85085790e-10]
 [-3.75181432e-06 -1.63644264e-12 -1.62789018e-13  4.98246045e-11
  -1.67718585e-10 -1.22708357e-15  1.28473931e-15  1.25373189e-05
  -1.96782544e-06 -1.10531542e-08  9.75118325e-10]
 [-3.33049737e-06 -1.23003117e-12 -1.62789018e-13  4.11913813e-11
  -1.32406376e-10 -1.11943166e-15  1.28473931e-15  9.44558169e-06
  -1.19032808e-06 -1.10531542e-08  9.75118325e-10]
 [-2.90903061e-06 -1.23003117e-12 -1.62789018e-13  3.12356472e-11
  -1.84010479e-10 -1.87642729e-15  1.11519182e-15  1.32458387e-05
  -1.90822571e-06 -1.49874783e-08  8.33629584e-10]
 [-3.33049737e-06 -1.23003117e-12 -1.62789018e-13  4.11913813e-11
  -1.06204566e-10 -1.67507285e-15  1.23275885e-15  1.25373189e-05
  -1.96782544e-06 -1.04894704e-08  9.48172797e-10]
 [-2.90903061e-06 -1.23003117e-12 -1.62789018e-13  2.56369241e-11
  -1.84010479e-10 -1.87642729e-15  9.48693394e-16  1.25373189e-05
  -1.96782544e-06 -1.03474667e-08  8.29284431e-10]
 [-3.39602218e-06 -1.39432089e-12 -1.87719127e-13  1.51163868e-11
  -1.84010479e-10 -1.87642729e-15  1.11519182e-15  1.72940595e-05
  -1.90822571e-06 -1.04894704e-08  9.48172797e-10]
 [-3.33049737e-06 -1.69078096e-12 -1.62789018e-13  3.12356472e-11
  -1.94501719e-10 -1.17459005e-15  1.11519182e-15  1.32458387e-05
  -1.90822571e-06 -1.01484494e-08  6.53526914e-10]
 [-2.90903061e-06 -1.23003117e-12 -1.35036584e-13  4.11913813e-11
  -1.32406376e-10 -1.67507285e-15  1.32376686e-15  1.25373189e-05
  -1.96782544e-06 -1.10531542e-08  1.09192946e-09]]
Errors:  [['9.270936e+11', '2.958098e+12'], ['8.016885e+11', '2.552779e+12'], ['7.271845e+11', '2.201887e+12'], ['5.439056e+13', '1.082732e+14'], ['1.317820e+13', '2.156894e+13'], ['8.755847e+10', '7.471320e+11'], ['5.581689e+12', '8.457806e+12'], ['2.332631e+12', '6.625774e+12'], ['2.464452e+13', '4.336778e+13'], ['9.324411e+12', '2.077865e+13']]

Fitness =  [[2145696338250.665, 2958098133767.795], [1852342969955.339, 2552779309099.797], [1612006074372.3926, 2201887132969.9355], [86720132453205.3, 108273177939182.12], [18212644779740.83, 21568941571253.684], [483302607256.07806, 747132031734.2324], [7307359405788.252, 8457806171615.45], [4908516804860.804, 6625773962725.21], [35878474038892.625, 43367778684098.72], [16196955276562.36, 20778651208670.21]]
Generation :  14
New population:  [[-3.33049737e-06 -1.23003117e-12 -1.62789018e-13  4.11913813e-11
  -1.06204566e-10 -1.30088537e-15  1.23275885e-15  1.25373189e-05
  -1.96782544e-06 -1.11997448e-08  1.11085276e-09]
 [-2.90903061e-06 -7.45105011e-13 -1.35036584e-13  3.44598707e-11
  -1.18138988e-10 -1.67507285e-15  1.32376686e-15  1.25373189e-05
  -1.65091423e-06 -7.86642830e-09  9.48172797e-10]
 [-3.33049737e-06 -1.23003117e-12 -1.62789018e-13  6.00364104e-11
  -1.32406376e-10 -1.57929458e-15  1.28473931e-15  1.25373189e-05
  -2.40377232e-06 -1.10531542e-08  9.75118325e-10]
 [-4.06976606e-06 -1.82510776e-12 -1.62789018e-13  4.98883259e-11
  -1.67718585e-10 -1.17151363e-15  8.52302910e-16  1.32458387e-05
  -1.90822571e-06 -1.04894704e-08  9.48172797e-10]
 [-3.33049737e-06 -1.63644264e-12 -1.62789018e-13  4.16810436e-11
  -1.50698702e-10 -1.22708357e-15  1.28473931e-15  1.25373189e-05
  -1.53537263e-06 -1.23728875e-08  9.75118325e-10]
 [-3.95615954e-06 -1.69078096e-12 -1.16665639e-13  3.12356472e-11
  -1.94501719e-10 -1.17459005e-15  1.55320388e-15  1.32458387e-05
  -2.27130165e-06 -1.01484494e-08  6.53526914e-10]
 [-3.75181432e-06 -1.63644264e-12 -1.62789018e-13  4.98246045e-11
  -1.67718585e-10 -1.22708357e-15  1.28473931e-15  1.25373189e-05
  -1.42656365e-06 -1.04894704e-08  9.48172797e-10]
 [-2.74496210e-06 -1.23003117e-12 -1.62789018e-13  4.70840379e-11
  -1.06204566e-10 -1.67507285e-15  1.23275885e-15  1.25373189e-05
  -1.96782544e-06 -1.10531542e-08  9.75118325e-10]
 [-2.90903061e-06 -1.23003117e-12 -1.47884456e-13  4.11913813e-11
  -1.32406376e-10 -1.67507285e-15  1.11907032e-15  1.25193391e-05
  -1.78701183e-06 -1.42213881e-08  8.13746889e-10]
 [-3.78774822e-06 -1.64251525e-12 -1.22022530e-13  3.12356472e-11
  -1.84010479e-10 -1.69150716e-15  1.11519182e-15  1.32458387e-05
  -1.25232781e-06 -1.49874783e-08  6.63824525e-10]]
Errors:  [['1.297975e+13', '2.734269e+13'], ['1.789104e+13', '3.911419e+13'], ['1.131297e+13', '1.984072e+13'], ['1.427514e+12', '3.786798e+12'], ['1.745252e+13', '3.608931e+13'], ['6.818982e+13', '1.249392e+14'], ['2.903274e+13', '5.977220e+13'], ['3.595840e+11', '1.540605e+12'], ['7.095381e+12', '1.098888e+13'], ['2.113928e+12', '1.577519e+12']]

Fitness =  [[21597513684223.08, 27342686985514.93], [30624928909818.66, 39114190730469.7], [16429619559894.648, 19840720968433.715], [2843084386743.315, 3786797733869.2124], [28634595765643.555, 36089309672379.89], [102239452000526.36, 124939205640244.34], [47476416116896.08, 59772199691601.96], [1068196751570.1094, 1540605285603.1646], [9431479735670.709, 10988879114582.877], [1792082395064.0352, 1577518540926.6462]]
Generation :  15
New population:  [[-2.74496210e-06 -1.23003117e-12 -1.62789018e-13  4.98448884e-11
  -1.02615028e-10 -1.67507285e-15  1.23275885e-15  1.25373189e-05
  -1.25232781e-06 -1.49874783e-08  6.63824525e-10]
 [-3.78774822e-06 -1.64251525e-12 -1.22022530e-13  3.12356472e-11
  -1.84010479e-10 -1.69150716e-15  1.11519182e-15  1.32458387e-05
  -2.08582636e-06 -1.10531542e-08  1.10037820e-09]
 [-2.74496210e-06 -7.53511155e-13 -1.29514421e-13  5.70098082e-11
  -1.06204566e-10 -1.67507285e-15  1.23275885e-15  1.70313001e-05
  -1.96782544e-06 -1.10531542e-08  4.91510955e-10]
 [-4.74438354e-06 -1.64251525e-12 -1.22022530e-13  3.12356472e-11
  -1.84010479e-10 -1.78146391e-15  1.11519182e-15  9.72379279e-06
  -1.25232781e-06 -1.81560401e-08  9.75118325e-10]
 [-3.78774822e-06 -1.64251525e-12 -1.22022530e-13  3.12356472e-11
  -1.25133949e-10 -1.22708357e-15  1.28473931e-15  1.25373189e-05
  -2.01169405e-06 -1.61171369e-08  7.97788770e-10]
 [-4.19004096e-06 -1.63644264e-12 -1.62789018e-13  4.16810436e-11
  -1.84010479e-10 -1.69150716e-15  1.11519182e-15  1.32458387e-05
  -1.25232781e-06 -1.49874783e-08  6.06831303e-10]
 [-2.90903061e-06 -7.45105011e-13 -1.35036584e-13  2.74006059e-11
  -1.18138988e-10 -1.67507285e-15  1.32376686e-15  1.25373189e-05
  -1.65091423e-06 -7.86642830e-09  9.48172797e-10]
 [-3.82055353e-06 -9.00053774e-13 -9.39974770e-14  2.50678668e-11
  -1.18138988e-10 -1.67507285e-15  1.32376686e-15  1.16479601e-05
  -1.65091423e-06 -8.47732065e-09  8.75157848e-10]
 [-3.10404532e-06 -1.23003117e-12 -2.18168643e-13  3.71415888e-11
  -1.06204566e-10 -1.30088537e-15  1.23275885e-15  1.25373189e-05
  -1.96782544e-06 -1.11997448e-08  1.11085276e-09]
 [-4.55898063e-06 -1.23003117e-12 -1.62789018e-13  4.70840379e-11
  -1.27956754e-10 -1.67507285e-15  1.33906292e-15  1.25373189e-05
  -1.96782544e-06 -1.10531542e-08  1.33904564e-09]]
Errors:  [['2.455887e+12', '2.029141e+12'], ['5.229333e+12', '1.237480e+13'], ['7.975514e+13', '1.416488e+14'], ['1.316755e+13', '2.525489e+13'], ['3.123002e+13', '5.657804e+13'], ['6.438353e+12', '8.402261e+12'], ['1.789104e+13', '3.911419e+13'], ['5.086935e+12', '1.238382e+13'], ['1.297975e+13', '2.734269e+13'], ['6.910454e+13', '1.386937e+14']]

Fitness =  [[2199839726164.008, 2029141461376.5364], [9516612165351.84, 12374797947061.4], [116891313313815.48, 141648761612401.84], [20419952208392.508, 25254887473527.71], [46438836040397.4, 56578044030818.65], [7616697958748.342, 8402260933001.872], [30624928909815.28, 39114190730465.34], [9465066150361.617, 12383820202995.51], [21597513684222.355, 27342686985513.945], [110858062668529.66, 138693743837841.6]]
Generation :  16
New population:  [[-1.85735141e-06 -1.63644264e-12 -1.62789018e-13  4.16810436e-11
  -1.84010479e-10 -1.69150716e-15  1.11519182e-15  1.32458387e-05
  -1.25232781e-06 -1.49874783e-08  6.06831303e-10]
 [-4.19004096e-06 -1.42903937e-12 -1.62789018e-13  4.98448884e-11
  -1.02615028e-10 -1.46313927e-15  1.54035395e-15  9.11112660e-06
  -1.25232781e-06 -1.49874783e-08  6.63824525e-10]
 [-3.78774822e-06 -1.64251525e-12 -1.08852623e-13  3.12356472e-11
  -1.84010479e-10 -1.22708357e-15  1.28473931e-15  1.68370921e-05
  -2.01169405e-06 -1.61171369e-08  7.97788770e-10]
 [-3.80474515e-06 -1.64251525e-12 -1.22022530e-13  3.12356472e-11
  -1.25133949e-10 -1.69150716e-15  1.11519182e-15  1.42625047e-05
  -2.08582636e-06 -8.55828817e-09  1.10037820e-09]
 [-2.74496210e-06 -1.61333787e-12 -1.52251799e-13  5.34738125e-11
  -1.02615028e-10 -1.67507285e-15  1.23275885e-15  1.25373189e-05
  -1.25232781e-06 -1.48096824e-08  6.63824525e-10]
 [-2.74496210e-06 -1.37217216e-12 -1.62789018e-13  4.98448884e-11
  -1.02615028e-10 -1.67507285e-15  1.23275885e-15  1.00717983e-05
  -1.69488612e-06 -1.49874783e-08  6.63824525e-10]
 [-5.46529170e-06 -1.63644264e-12 -1.62789018e-13  4.16810436e-11
  -1.18138988e-10 -1.67507285e-15  1.39533298e-15  9.93647693e-06
  -1.65091423e-06 -8.47732065e-09  8.75157848e-10]
 [-3.82055353e-06 -7.76706490e-13 -9.39974770e-14  2.50678668e-11
  -2.07520012e-10 -1.69150716e-15  1.11519182e-15  1.32458387e-05
  -1.25232781e-06 -1.49874783e-08  5.22764814e-10]
 [-3.10404532e-06 -1.23003117e-12 -2.18168643e-13  2.35726873e-11
  -1.02615028e-10 -1.67138817e-15  1.23275885e-15  1.25373189e-05
  -1.25232781e-06 -1.49874783e-08  6.63824525e-10]
 [-2.74496210e-06 -1.23003117e-12 -1.62789018e-13  4.98448884e-11
  -1.06204566e-10 -1.30088537e-15  1.23275885e-15  1.25373189e-05
  -1.96782544e-06 -1.11997448e-08  1.11085276e-09]]
Errors:  [['6.438353e+12', '8.402261e+12'], ['4.264949e+12', '4.785288e+12'], ['2.294771e+13', '4.078588e+13'], ['1.258187e+13', '2.779273e+13'], ['2.240389e+12', '1.742408e+12'], ['3.358751e+13', '5.825971e+13'], ['3.813696e+12', '9.463512e+12'], ['1.819880e+13', '2.865065e+13'], ['2.449934e+12', '2.023035e+12'], ['1.297975e+13', '2.734269e+13']]

Fitness =  [[7616697958743.924, 8402260932995.846], [4577152347157.945, 4785287704807.622], [33650610450882.293, 40785879523779.4], [21708385669697.87, 27792732394950.53], [1941600259363.8145, 1742407554994.9956], [48390830746112.81, 58259711876047.04], [7203585257574.461, 9463511593119.357], [24469911879175.254, 28650649941586.613], [2193794748429.629, 2023035116354.4539], [21597513684228.55, 27342686985521.82]]
Generation :  17
New population:  [[-1.85735141e-06 -1.63644264e-12 -1.62789018e-13  4.16810436e-11
  -2.07001683e-10 -1.69150716e-15  1.11519182e-15  1.32458387e-05
  -1.25232781e-06 -1.20206450e-08  8.38279212e-10]
 [-1.85735141e-06 -1.78481582e-12 -1.62789018e-13  5.22869701e-11
  -1.84010479e-10 -1.03513005e-15  1.11519182e-15  1.40860748e-05
  -9.60944644e-07 -1.49874783e-08  6.06831303e-10]
 [-1.78823110e-06 -1.61333787e-12 -1.52251799e-13  7.37156640e-11
  -1.02615028e-10 -1.67507285e-15  1.23275885e-15  1.25373189e-05
  -1.60510829e-06 -1.17760440e-08  6.63824525e-10]
 [-3.02499683e-06 -1.61333787e-12 -1.52251799e-13  5.34738125e-11
  -1.02615028e-10 -1.08596036e-15  1.23275885e-15  1.25373189e-05
  -1.11523678e-06 -1.41398473e-08  6.63824525e-10]
 [-2.74496210e-06 -1.02947427e-12 -1.62789018e-13  4.98448884e-11
  -1.18673569e-10 -1.67507285e-15  1.23275885e-15  1.00717983e-05
  -1.10937661e-06 -1.21088800e-08  5.77504826e-10]
 [-2.60734454e-06 -1.23003117e-12 -2.18168643e-13  1.78019646e-11
  -1.02615028e-10 -1.67138817e-15  1.23275885e-15  1.43846864e-05
  -1.25232781e-06 -1.49874783e-08  6.63824525e-10]
 [-2.83450017e-06 -1.23003117e-12 -1.90912609e-13  4.05265276e-11
  -1.06204566e-10 -1.02776676e-15  1.04948455e-15  1.25373189e-05
  -1.50838620e-06 -1.48096824e-08  6.63824525e-10]
 [-2.74496210e-06 -1.64980093e-12 -1.52251799e-13  3.38919058e-11
  -1.02615028e-10 -1.67507285e-15  1.23275885e-15  1.25373189e-05
  -1.96782544e-06 -1.11997448e-08  1.11085276e-09]
 [-2.74496210e-06 -1.09550476e-12 -1.52251799e-13  5.34738125e-11
  -2.03113058e-10 -1.30803393e-15  1.69240111e-15  1.68370921e-05
  -2.01169405e-06 -1.61171369e-08  5.34032181e-10]
 [-3.78774822e-06 -1.52632120e-12 -1.08852623e-13  3.12356472e-11
  -1.17360921e-10 -1.67507285e-15  1.23275885e-15  1.25373189e-05
  -1.74120382e-06 -1.48096824e-08  6.63824525e-10]]
Errors:  [['1.503373e+13', '3.270414e+13'], ['1.484123e+12', '2.034548e+12'], ['9.802440e+12', '1.521914e+13'], ['1.133565e+12', '1.466898e+12'], ['1.851424e+12', '1.169757e+12'], ['1.571272e+12', '9.313096e+11'], ['1.055721e+13', '1.737297e+13'], ['1.151454e+13', '2.520698e+13'], ['1.090841e+14', '1.999806e+14'], ['3.218105e+13', '5.566155e+13']]

Fitness =  [[25635975545695.64, 32704139480386.457], [1814378162165.227, 2034548354975.8198], [13052461083455.266, 15219142121869.668], [1333564681488.48, 1466897605139.0232], [1442423739050.5007, 1169757116655.4065], [1187294397789.987, 931309643655.0504], [14646664146446.258, 17372969476941.572], [19730000685867.54, 25206976079622.945], [163621990158935.0, 199980552476557.03], [46269352336021.58, 55661551689049.164]]
Generation :  18
New population:  [[-2.60734454e-06 -1.61721263e-12 -2.18168643e-13  1.78019646e-11
  -1.02615028e-10 -1.67138817e-15  1.23275885e-15  1.43846864e-05
  -1.10853388e-06 -1.49874783e-08  6.63824525e-10]
 [-2.60734454e-06 -1.23003117e-12 -2.18168643e-13  1.17379432e-11
  -1.26206627e-10 -1.67138817e-15  1.15306706e-15  1.43846864e-05
  -1.25232781e-06 -1.49874783e-08  6.63824525e-10]
 [-2.55061842e-06 -1.61333787e-12 -1.52251799e-13  7.37156640e-11
  -7.54035042e-11 -1.35245192e-15  1.14019677e-15  1.25373189e-05
  -1.60510829e-06 -7.36944362e-09  6.63824525e-10]
 [-1.78823110e-06 -1.98347316e-12 -1.52251799e-13  5.34738125e-11
  -8.44931180e-11 -7.36347351e-16  1.32635061e-15  1.25373189e-05
  -1.47090732e-06 -1.53104931e-08  6.02362572e-10]
 [-2.83450017e-06 -1.23003117e-12 -1.90912609e-13  4.05265276e-11
  -7.90667578e-11 -1.67138817e-15  1.23275885e-15  1.43846864e-05
  -1.09462531e-06 -1.49874783e-08  6.63824525e-10]
 [-2.81077704e-06 -1.10139738e-12 -2.18168643e-13  1.78019646e-11
  -8.35851557e-11 -1.02776676e-15  1.04948455e-15  1.25373189e-05
  -1.25983041e-06 -1.48096824e-08  6.63824525e-10]
 [-3.02499683e-06 -1.61333787e-12 -1.52251799e-13  5.34738125e-11
  -1.00906986e-10 -1.08596036e-15  1.23275885e-15  1.00717983e-05
  -1.10937661e-06 -1.21088800e-08  7.44313657e-10]
 [-3.18112112e-06 -6.44579787e-13 -1.62789018e-13  4.94014369e-11
  -1.18673569e-10 -1.67507285e-15  1.42833546e-15  1.25373189e-05
  -1.11523678e-06 -1.41398473e-08  6.63824525e-10]
 [-4.07905493e-06 -1.61333787e-12 -1.52251799e-13  5.34738125e-11
  -1.02615028e-10 -1.09484711e-15  8.07598567e-16  1.00717983e-05
  -1.10937661e-06 -1.21088800e-08  4.96335219e-10]
 [-3.36024450e-06 -1.02947427e-12 -1.62789018e-13  4.98448884e-11
  -1.18673569e-10 -1.08596036e-15  1.23275885e-15  1.25373189e-05
  -1.11523678e-06 -1.22563597e-08  6.63824525e-10]]
Errors:  [['9.506178e+11', '1.025806e+12'], ['1.571272e+12', '9.313096e+11'], ['1.073015e+12', '1.153978e+12'], ['1.819939e+13', '3.178379e+13'], ['1.071715e+12', '1.386116e+12'], ['1.516502e+12', '1.084708e+12'], ['8.683285e+12', '1.772209e+13'], ['9.390566e+11', '9.030086e+11'], ['6.672945e+12', '9.484382e+12'], ['2.613379e+12', '5.496007e+12']]

Fitness =  [[995730556752.6284, 1025805732176.6637], [1187294397868.7905, 931309643752.4554], [1121592569295.8872, 1153977616963.824], [26350032543127.64, 31783792912740.68], [1260355695788.4216, 1386116014463.1133], [1257425700381.1252, 1084708046960.1335], [14106570989808.473, 17722094858367.492], [917427846739.1299, 903008647386.9379], [8359807572353.263, 9484382289898.127], [4342955893067.7476, 5496007013131.364]]
Generation :  19
New population:  [[-2.55061842e-06 -1.61333787e-12 -1.52251799e-13  7.37156640e-11
  -7.54035042e-11 -1.35245192e-15  1.32635061e-15  1.03525024e-05
  -1.47090732e-06 -1.53104931e-08  6.02362572e-10]
 [-1.78823110e-06 -1.98347316e-12 -1.52251799e-13  5.34738125e-11
  -1.14767952e-10 -6.37917608e-16  1.14019677e-15  1.25373189e-05
  -1.90535865e-06 -7.36944362e-09  5.42277981e-10]
 [-3.18112112e-06 -6.93557951e-13 -1.34865604e-13  4.94014369e-11
  -1.18673569e-10 -2.12360034e-15  1.04821369e-15  1.25373189e-05
  -1.11523678e-06 -1.41398473e-08  6.63824525e-10]
 [-2.77339121e-06 -6.44579787e-13 -1.83499711e-13  4.94014369e-11
  -1.18673569e-10 -1.67507285e-15  1.42833546e-15  1.25373189e-05
  -1.11523678e-06 -1.41398473e-08  6.63824525e-10]
 [-2.55061842e-06 -1.61333787e-12 -1.52251799e-13  4.94014369e-11
  -1.18673569e-10 -1.94706487e-15  1.42833546e-15  1.25373189e-05
  -1.11523678e-06 -1.33174473e-08  5.96225837e-10]
 [-3.18112112e-06 -4.72055173e-13 -1.62789018e-13  6.61803880e-11
  -8.69020652e-11 -1.35245192e-15  1.14019677e-15  1.25373189e-05
  -1.60510829e-06 -5.91806583e-09  6.63824525e-10]
 [-2.81077704e-06 -1.10139738e-12 -2.18168643e-13  1.78019646e-11
  -8.35851557e-11 -1.02776676e-15  8.22953669e-16  1.58247350e-05
  -1.10853388e-06 -1.49874783e-08  4.57375194e-10]
 [-1.86332969e-06 -1.61721263e-12 -2.18168643e-13  2.32246285e-11
  -1.04470434e-10 -1.67138817e-15  1.23275885e-15  9.96612069e-06
  -1.25983041e-06 -1.51593037e-08  6.63824525e-10]
 [-2.81077704e-06 -1.10139738e-12 -2.11986282e-13  5.29778255e-11
  -1.65691719e-10 -1.99699904e-15  1.42833546e-15  7.75207681e-06
  -1.33057471e-06 -1.41398473e-08  6.63824525e-10]
 [-3.18112112e-06 -6.44579787e-13 -1.50021984e-13  1.78019646e-11
  -8.35851557e-11 -1.02776676e-15  1.04948455e-15  1.17373357e-05
  -1.25983041e-06 -1.25872544e-08  6.63824525e-10]]
